TpTrace Verbose: 0 : 22456, 1, 2023/02/27, 10:28:11.817, 107676901584, vstest.console.dll, Version: 17.4.0-release-20221019-01 Current process architecture: X64
TpTrace Verbose: 0 : 22456, 1, 2023/02/27, 10:28:11.821, 107676943513, vstest.console.dll, Runtime location: C:\Program Files\dotnet\shared\Microsoft.NETCore.App\7.0.2
TpTrace Verbose: 0 : 22456, 1, 2023/02/27, 10:28:11.827, 107676998655, vstest.console.dll, ArtifactProcessingPostProcessModeProcessorExecutor.Initialize: ArtifactProcessingMode.Collect
TpTrace Verbose: 0 : 22456, 1, 2023/02/27, 10:28:11.827, 107677001425, vstest.console.dll, TestSessionCorrelationIdProcessorModeProcessorExecutor.Initialize: TestSessionCorrelationId '6544_fb51d473-d0db-4f56-a6a7-d2859b7e74fe'
TpTrace Information: 0 : 22456, 1, 2023/02/27, 10:28:11.843, 107677161821, vstest.console.dll, FilePatternParser: The given file C:\C#\base\unit-test-example\App.Application.Test\bin\Debug\net7.0\fine-code-coverage\build-output\App.Application.Test.dll is a full path.
TpTrace Verbose: 0 : 22456, 1, 2023/02/27, 10:28:11.857, 107677297714, vstest.console.dll, TestPluginCache.DiscoverTestExtensions: finding test extensions in assemblies ends with: RuntimeProvider.dll TPluginInfo: Microsoft.VisualStudio.TestPlatform.Common.ExtensionFramework.Utilities.TestRuntimePluginInformation TExtension: Microsoft.VisualStudio.TestPlatform.ObjectModel.Host.ITestRuntimeProvider
TpTrace Verbose: 0 : 22456, 1, 2023/02/27, 10:28:11.857, 107677303271, vstest.console.dll, TestPluginCache.GetExtensionPaths: Filtered extension paths: 
TpTrace Verbose: 0 : 22456, 1, 2023/02/27, 10:28:11.857, 107677305534, vstest.console.dll, TestPluginCache.GetExtensionPaths: Added default extension paths: C:\Program Files\dotnet\sdk\7.0.102\Extensions\Microsoft.Diagnostics.NETCore.Client.dll
C:\Program Files\dotnet\sdk\7.0.102\Extensions\Microsoft.TestPlatform.Extensions.BlameDataCollector.dll
C:\Program Files\dotnet\sdk\7.0.102\Extensions\Microsoft.TestPlatform.Extensions.EventLogCollector.dll
C:\Program Files\dotnet\sdk\7.0.102\Extensions\Microsoft.TestPlatform.TestHostRuntimeProvider.dll
C:\Program Files\dotnet\sdk\7.0.102\Extensions\Microsoft.VisualStudio.TestPlatform.Extensions.Html.TestLogger.dll
C:\Program Files\dotnet\sdk\7.0.102\Extensions\Microsoft.VisualStudio.TestPlatform.Extensions.Trx.TestLogger.dll
TpTrace Verbose: 0 : 22456, 1, 2023/02/27, 10:28:11.858, 107677306499, vstest.console.dll, TestPluginCache.GetExtensionPaths: Added unfilterableExtensionPaths: 
TpTrace Information: 0 : 22456, 1, 2023/02/27, 10:28:11.860, 107677325622, vstest.console.dll, AssemblyResolver.ctor: Creating AssemblyResolver with searchDirectories C:\Program Files\dotnet\sdk\7.0.102\Extensions,C:\Program Files\dotnet\sdk\7.0.102
TpTrace Verbose: 0 : 22456, 1, 2023/02/27, 10:28:11.863, 107677356116, vstest.console.dll, TestPluginCache.DiscoverTestExtensions: Discovering the extensions using extension path.
TpTrace Verbose: 0 : 22456, 1, 2023/02/27, 10:28:11.863, 107677359960, vstest.console.dll, TestPluginCache.GetExtensionPaths: Filtered extension paths: 
TpTrace Verbose: 0 : 22456, 1, 2023/02/27, 10:28:11.863, 107677361281, vstest.console.dll, TestPluginCache.GetExtensionPaths: Added default extension paths: C:\Program Files\dotnet\sdk\7.0.102\Extensions\Microsoft.Diagnostics.NETCore.Client.dll
C:\Program Files\dotnet\sdk\7.0.102\Extensions\Microsoft.TestPlatform.Extensions.BlameDataCollector.dll
C:\Program Files\dotnet\sdk\7.0.102\Extensions\Microsoft.TestPlatform.Extensions.EventLogCollector.dll
C:\Program Files\dotnet\sdk\7.0.102\Extensions\Microsoft.TestPlatform.TestHostRuntimeProvider.dll
C:\Program Files\dotnet\sdk\7.0.102\Extensions\Microsoft.VisualStudio.TestPlatform.Extensions.Html.TestLogger.dll
C:\Program Files\dotnet\sdk\7.0.102\Extensions\Microsoft.VisualStudio.TestPlatform.Extensions.Trx.TestLogger.dll
TpTrace Verbose: 0 : 22456, 1, 2023/02/27, 10:28:11.863, 107677362119, vstest.console.dll, TestPluginCache.GetExtensionPaths: Added unfilterableExtensionPaths: 
TpTrace Verbose: 0 : 22456, 1, 2023/02/27, 10:28:11.864, 107677368474, vstest.console.dll, TestPluginCache.DiscoverTestExtensions: Discovering the extensions using allExtensionPaths: C:\Program Files\dotnet\sdk\7.0.102\Extensions\Microsoft.Diagnostics.NETCore.Client.dll
C:\Program Files\dotnet\sdk\7.0.102\Extensions\Microsoft.TestPlatform.Extensions.BlameDataCollector.dll
C:\Program Files\dotnet\sdk\7.0.102\Extensions\Microsoft.TestPlatform.Extensions.EventLogCollector.dll
C:\Program Files\dotnet\sdk\7.0.102\Extensions\Microsoft.TestPlatform.TestHostRuntimeProvider.dll
C:\Program Files\dotnet\sdk\7.0.102\Extensions\Microsoft.VisualStudio.TestPlatform.Extensions.Html.TestLogger.dll
C:\Program Files\dotnet\sdk\7.0.102\Extensions\Microsoft.VisualStudio.TestPlatform.Extensions.Trx.TestLogger.dll
TpTrace Information: 0 : 22456, 1, 2023/02/27, 10:28:11.865, 107677378925, vstest.console.dll, AssemblyResolver.AddSearchDirectories: Adding more searchDirectories C:\Program Files\dotnet\sdk\7.0.102\Extensions,C:\Program Files\dotnet\sdk\7.0.102
TpTrace Information: 0 : 22456, 1, 2023/02/27, 10:28:11.866, 107677386142, vstest.console.dll, AssemblyResolver.AddSearchDirectories: Adding more searchDirectories C:\Program Files\dotnet\sdk\7.0.102\Extensions,C:\Program Files\dotnet\sdk\7.0.102
TpTrace Information: 0 : 22456, 1, 2023/02/27, 10:28:11.866, 107677391159, vstest.console.dll, AssemblyResolver.AddSearchDirectories: Adding more searchDirectories C:\Program Files\dotnet\sdk\7.0.102\Extensions,C:\Program Files\dotnet\sdk\7.0.102
TpTrace Information: 0 : 22456, 1, 2023/02/27, 10:28:11.866, 107677394639, vstest.console.dll, AssemblyResolver.AddSearchDirectories: Adding more searchDirectories C:\Program Files\dotnet\sdk\7.0.102\Extensions,C:\Program Files\dotnet\sdk\7.0.102
TpTrace Information: 0 : 22456, 1, 2023/02/27, 10:28:11.867, 107677395902, vstest.console.dll, AssemblyResolver.AddSearchDirectories: Adding more searchDirectories C:\Program Files\dotnet\sdk\7.0.102\Extensions,C:\Program Files\dotnet\sdk\7.0.102
TpTrace Information: 0 : 22456, 1, 2023/02/27, 10:28:11.867, 107677396616, vstest.console.dll, AssemblyResolver.AddSearchDirectories: Adding more searchDirectories C:\Program Files\dotnet\sdk\7.0.102\Extensions,C:\Program Files\dotnet\sdk\7.0.102
TpTrace Information: 0 : 22456, 1, 2023/02/27, 10:28:11.868, 107677409777, vstest.console.dll, AssemblyResolver.OnResolve: Microsoft.Diagnostics.NETCore.Client: Resolving assembly.
TpTrace Information: 0 : 22456, 1, 2023/02/27, 10:28:11.868, 107677412660, vstest.console.dll, AssemblyResolver.OnResolve: Microsoft.Diagnostics.NETCore.Client: Searching in: 'C:\Program Files\dotnet\sdk\7.0.102\Extensions'.
TpTrace Information: 0 : 22456, 1, 2023/02/27, 10:28:11.879, 107677519798, vstest.console.dll, AssemblyResolver.OnResolve: Microsoft.Diagnostics.NETCore.Client: Loading assembly 'C:\Program Files\dotnet\sdk\7.0.102\Extensions\Microsoft.Diagnostics.NETCore.Client.dll'.
TpTrace Information: 0 : 22456, 1, 2023/02/27, 10:28:11.880, 107677528354, vstest.console.dll, AssemblyResolver.OnResolve: Resolved assembly: Microsoft.Diagnostics.NETCore.Client, from path: C:\Program Files\dotnet\sdk\7.0.102\Extensions\Microsoft.Diagnostics.NETCore.Client.dll
TpTrace Verbose: 0 : 22456, 1, 2023/02/27, 10:28:11.884, 107677572809, vstest.console.dll, MetadataReaderExtensionsHelper: Discovering extensions inside assembly 'Microsoft.Diagnostics.NETCore.Client, Version=0.2.6.42401, Culture=neutral, PublicKeyToken=31bf3856ad364e35' file path 'C:\Program Files\dotnet\sdk\7.0.102\Extensions\Microsoft.Diagnostics.NETCore.Client.dll'
TpTrace Information: 0 : 22456, 1, 2023/02/27, 10:28:11.893, 107677663814, vstest.console.dll, AssemblyResolver.OnResolve: Microsoft.Bcl.AsyncInterfaces: Resolving assembly.
TpTrace Information: 0 : 22456, 1, 2023/02/27, 10:28:11.894, 107677665748, vstest.console.dll, AssemblyResolver.OnResolve: Microsoft.Bcl.AsyncInterfaces: Searching in: 'C:\Program Files\dotnet\sdk\7.0.102\Extensions'.
TpTrace Information: 0 : 22456, 1, 2023/02/27, 10:28:11.894, 107677667616, vstest.console.dll, AssemblyResolver.OnResolve: Microsoft.Bcl.AsyncInterfaces: Assembly path does not exist: 'C:\Program Files\dotnet\sdk\7.0.102\Extensions\Microsoft.Bcl.AsyncInterfaces.dll', returning.
TpTrace Information: 0 : 22456, 1, 2023/02/27, 10:28:11.894, 107677670114, vstest.console.dll, AssemblyResolver.OnResolve: Microsoft.Bcl.AsyncInterfaces: Assembly path does not exist: 'C:\Program Files\dotnet\sdk\7.0.102\Extensions\Microsoft.Bcl.AsyncInterfaces.exe', returning.
TpTrace Information: 0 : 22456, 1, 2023/02/27, 10:28:11.894, 107677671049, vstest.console.dll, AssemblyResolver.OnResolve: Microsoft.Bcl.AsyncInterfaces: Searching in: 'C:\Program Files\dotnet\sdk\7.0.102'.
TpTrace Information: 0 : 22456, 1, 2023/02/27, 10:28:11.894, 107677672481, vstest.console.dll, AssemblyResolver.OnResolve: Microsoft.Bcl.AsyncInterfaces: Assembly path does not exist: 'C:\Program Files\dotnet\sdk\7.0.102\Microsoft.Bcl.AsyncInterfaces.dll', returning.
TpTrace Information: 0 : 22456, 1, 2023/02/27, 10:28:11.894, 107677674028, vstest.console.dll, AssemblyResolver.OnResolve: Microsoft.Bcl.AsyncInterfaces: Assembly path does not exist: 'C:\Program Files\dotnet\sdk\7.0.102\Microsoft.Bcl.AsyncInterfaces.exe', returning.
TpTrace Information: 0 : 22456, 1, 2023/02/27, 10:28:11.894, 107677674921, vstest.console.dll, AssemblyResolver.OnResolve: Microsoft.Bcl.AsyncInterfaces: Failed to load assembly.
TpTrace Verbose: 0 : 22456, 1, 2023/02/27, 10:28:11.895, 107677675882, vstest.console.dll, CurrentDomainAssemblyResolve: Resolving assembly 'Microsoft.Bcl.AsyncInterfaces'.
TpTrace Information: 0 : 22456, 1, 2023/02/27, 10:28:11.895, 107677677161, vstest.console.dll, AssemblyResolver.OnResolve: Microsoft.Bcl.AsyncInterfaces: Resolving assembly.
TpTrace Information: 0 : 22456, 1, 2023/02/27, 10:28:11.895, 107677678165, vstest.console.dll, AssemblyResolver.OnResolve: Microsoft.Bcl.AsyncInterfaces: Resolved from cache.
TpTrace Verbose: 0 : 22456, 1, 2023/02/27, 10:28:11.895, 107677678941, vstest.console.dll, CurrentDomainAssemblyResolve: Resolving assembly 'Microsoft.Bcl.AsyncInterfaces'.
TpTrace Verbose: 0 : 22456, 1, 2023/02/27, 10:28:11.895, 107677679788, vstest.console.dll, CurrentDomainAssemblyResolve: Failed to resolve assembly 'Microsoft.Bcl.AsyncInterfaces'.
TpTrace Verbose: 0 : 22456, 1, 2023/02/27, 10:28:11.896, 107677694840, vstest.console.dll, CurrentDomainAssemblyResolve: Failed to resolve assembly 'Microsoft.Bcl.AsyncInterfaces'.
TpTrace Warning: 0 : 22456, 1, 2023/02/27, 10:28:11.913, 107677860639, vstest.console.dll, TestPluginDiscoverer: Failed to get types from assembly 'Microsoft.Diagnostics.NETCore.Client, Version=0.2.6.42401, Culture=neutral, PublicKeyToken=31bf3856ad364e35'. Error: System.Reflection.ReflectionTypeLoadException: Unable to load one or more of the requested types.
Could not load file or assembly 'Microsoft.Bcl.AsyncInterfaces, Version=1.0.0.0, Culture=neutral, PublicKeyToken=cc7b13ffcd2ddd51'. O sistema não pode encontrar o arquivo especificado.
   at System.Reflection.RuntimeModule.GetTypes(RuntimeModule module)
   at System.Reflection.Assembly.GetTypes()
   at Microsoft.VisualStudio.TestPlatform.Common.ExtensionFramework.TestPluginDiscoverer.GetTestExtensionsFromAssembly[TPluginInfo,TExtension](Assembly assembly, Dictionary`2 pluginInfos, String filePath)
System.IO.FileNotFoundException: Could not load file or assembly 'Microsoft.Bcl.AsyncInterfaces, Version=1.0.0.0, Culture=neutral, PublicKeyToken=cc7b13ffcd2ddd51'. O sistema não pode encontrar o arquivo especificado.
File name: 'Microsoft.Bcl.AsyncInterfaces, Version=1.0.0.0, Culture=neutral, PublicKeyToken=cc7b13ffcd2ddd51'
 ---> System.IO.FileNotFoundException: Could not load file or assembly 'Microsoft.Bcl.AsyncInterfaces, Culture=neutral, PublicKeyToken=null'. O sistema não pode encontrar o arquivo especificado.
File name: 'Microsoft.Bcl.AsyncInterfaces, Culture=neutral, PublicKeyToken=null'
   at System.Reflection.RuntimeAssembly.InternalLoad(AssemblyName assemblyName, StackCrawlMark& stackMark, AssemblyLoadContext assemblyLoadContext, RuntimeAssembly requestingAssembly, Boolean throwOnFileNotFound)
   at System.Reflection.Assembly.Load(AssemblyName assemblyRef)
   at Microsoft.VisualStudio.TestPlatform.Common.ExtensionFramework.TestPluginCache.CurrentDomainAssemblyResolve(Object sender, AssemblyResolveEventArgs args)
   at System.Runtime.Loader.AssemblyLoadContext.GetFirstResolvedAssemblyFromResolvingEvent(AssemblyName assemblyName)
   at System.Runtime.Loader.AssemblyLoadContext.ResolveUsingEvent(AssemblyName assemblyName)
   at System.Runtime.Loader.AssemblyLoadContext.ResolveUsingResolvingEvent(IntPtr gchManagedAssemblyLoadContext, AssemblyName assemblyName)
TpTrace Warning: 0 : 22456, 1, 2023/02/27, 10:28:11.915, 107677876819, vstest.console.dll, LoaderExceptions: System.IO.FileNotFoundException: Could not load file or assembly 'Microsoft.Bcl.AsyncInterfaces, Version=1.0.0.0, Culture=neutral, PublicKeyToken=cc7b13ffcd2ddd51'. O sistema não pode encontrar o arquivo especificado.
File name: 'Microsoft.Bcl.AsyncInterfaces, Version=1.0.0.0, Culture=neutral, PublicKeyToken=cc7b13ffcd2ddd51'
 ---> System.IO.FileNotFoundException: Could not load file or assembly 'Microsoft.Bcl.AsyncInterfaces, Culture=neutral, PublicKeyToken=null'. O sistema não pode encontrar o arquivo especificado.
File name: 'Microsoft.Bcl.AsyncInterfaces, Culture=neutral, PublicKeyToken=null'
   at System.Reflection.RuntimeAssembly.InternalLoad(AssemblyName assemblyName, StackCrawlMark& stackMark, AssemblyLoadContext assemblyLoadContext, RuntimeAssembly requestingAssembly, Boolean throwOnFileNotFound)
   at System.Reflection.Assembly.Load(AssemblyName assemblyRef)
   at Microsoft.VisualStudio.TestPlatform.Common.ExtensionFramework.TestPluginCache.CurrentDomainAssemblyResolve(Object sender, AssemblyResolveEventArgs args)
   at System.Runtime.Loader.AssemblyLoadContext.GetFirstResolvedAssemblyFromResolvingEvent(AssemblyName assemblyName)
   at System.Runtime.Loader.AssemblyLoadContext.ResolveUsingEvent(AssemblyName assemblyName)
   at System.Runtime.Loader.AssemblyLoadContext.ResolveUsingResolvingEvent(IntPtr gchManagedAssemblyLoadContext, AssemblyName assemblyName)
TpTrace Information: 0 : 22456, 1, 2023/02/27, 10:28:11.916, 107677889083, vstest.console.dll, AssemblyResolver.OnResolve: Microsoft.TestPlatform.Extensions.BlameDataCollector: Resolving assembly.
TpTrace Information: 0 : 22456, 1, 2023/02/27, 10:28:11.916, 107677892512, vstest.console.dll, AssemblyResolver.OnResolve: Microsoft.TestPlatform.Extensions.BlameDataCollector: Searching in: 'C:\Program Files\dotnet\sdk\7.0.102\Extensions'.
TpTrace Information: 0 : 22456, 1, 2023/02/27, 10:28:11.917, 107677902941, vstest.console.dll, AssemblyResolver.OnResolve: Microsoft.TestPlatform.Extensions.BlameDataCollector: Loading assembly 'C:\Program Files\dotnet\sdk\7.0.102\Extensions\Microsoft.TestPlatform.Extensions.BlameDataCollector.dll'.
TpTrace Information: 0 : 22456, 1, 2023/02/27, 10:28:11.920, 107677926274, vstest.console.dll, AssemblyResolver.OnResolve: Resolved assembly: Microsoft.TestPlatform.Extensions.BlameDataCollector, from path: C:\Program Files\dotnet\sdk\7.0.102\Extensions\Microsoft.TestPlatform.Extensions.BlameDataCollector.dll
TpTrace Verbose: 0 : 22456, 1, 2023/02/27, 10:28:11.920, 107677929343, vstest.console.dll, MetadataReaderExtensionsHelper: Discovering extensions inside assembly 'Microsoft.TestPlatform.Extensions.BlameDataCollector, Version=15.0.0.0, Culture=neutral, PublicKeyToken=b03f5f7f11d50a3a' file path 'C:\Program Files\dotnet\sdk\7.0.102\Extensions\Microsoft.TestPlatform.Extensions.BlameDataCollector.dll'
TpTrace Information: 0 : 22456, 1, 2023/02/27, 10:28:11.923, 107677959025, vstest.console.dll, AssemblyResolver.OnResolve: Microsoft.TestPlatform.Extensions.EventLogCollector: Resolving assembly.
TpTrace Information: 0 : 22456, 1, 2023/02/27, 10:28:11.923, 107677960615, vstest.console.dll, AssemblyResolver.OnResolve: Microsoft.TestPlatform.Extensions.EventLogCollector: Searching in: 'C:\Program Files\dotnet\sdk\7.0.102\Extensions'.
TpTrace Information: 0 : 22456, 1, 2023/02/27, 10:28:11.924, 107677966034, vstest.console.dll, AssemblyResolver.OnResolve: Microsoft.TestPlatform.Extensions.EventLogCollector: Loading assembly 'C:\Program Files\dotnet\sdk\7.0.102\Extensions\Microsoft.TestPlatform.Extensions.EventLogCollector.dll'.
TpTrace Information: 0 : 22456, 1, 2023/02/27, 10:28:11.924, 107677972007, vstest.console.dll, AssemblyResolver.OnResolve: Resolved assembly: Microsoft.TestPlatform.Extensions.EventLogCollector, from path: C:\Program Files\dotnet\sdk\7.0.102\Extensions\Microsoft.TestPlatform.Extensions.EventLogCollector.dll
TpTrace Verbose: 0 : 22456, 1, 2023/02/27, 10:28:11.924, 107677973051, vstest.console.dll, MetadataReaderExtensionsHelper: Discovering extensions inside assembly 'Microsoft.TestPlatform.Extensions.EventLogCollector, Version=15.0.0.0, Culture=neutral, PublicKeyToken=b03f5f7f11d50a3a' file path 'C:\Program Files\dotnet\sdk\7.0.102\Extensions\Microsoft.TestPlatform.Extensions.EventLogCollector.dll'
TpTrace Information: 0 : 22456, 1, 2023/02/27, 10:28:11.928, 107678009563, vstest.console.dll, AssemblyResolver.OnResolve: Microsoft.TestPlatform.TestHostRuntimeProvider: Resolving assembly.
TpTrace Information: 0 : 22456, 1, 2023/02/27, 10:28:11.928, 107678010873, vstest.console.dll, AssemblyResolver.OnResolve: Microsoft.TestPlatform.TestHostRuntimeProvider: Searching in: 'C:\Program Files\dotnet\sdk\7.0.102\Extensions'.
TpTrace Information: 0 : 22456, 1, 2023/02/27, 10:28:11.929, 107678017016, vstest.console.dll, AssemblyResolver.OnResolve: Microsoft.TestPlatform.TestHostRuntimeProvider: Loading assembly 'C:\Program Files\dotnet\sdk\7.0.102\Extensions\Microsoft.TestPlatform.TestHostRuntimeProvider.dll'.
TpTrace Information: 0 : 22456, 1, 2023/02/27, 10:28:11.930, 107678027781, vstest.console.dll, AssemblyResolver.OnResolve: Resolved assembly: Microsoft.TestPlatform.TestHostRuntimeProvider, from path: C:\Program Files\dotnet\sdk\7.0.102\Extensions\Microsoft.TestPlatform.TestHostRuntimeProvider.dll
TpTrace Verbose: 0 : 22456, 1, 2023/02/27, 10:28:11.930, 107678029436, vstest.console.dll, MetadataReaderExtensionsHelper: Discovering extensions inside assembly 'Microsoft.TestPlatform.TestHostRuntimeProvider, Version=15.0.0.0, Culture=neutral, PublicKeyToken=b03f5f7f11d50a3a' file path 'C:\Program Files\dotnet\sdk\7.0.102\Extensions\Microsoft.TestPlatform.TestHostRuntimeProvider.dll'
TpTrace Information: 0 : 22456, 1, 2023/02/27, 10:28:11.937, 107678097772, vstest.console.dll, GetTestExtensionFromType: Register extension with identifier data 'HostProvider://DefaultTestHost' and type 'Microsoft.VisualStudio.TestPlatform.CrossPlatEngine.Hosting.DefaultTestHostManager, Microsoft.TestPlatform.TestHostRuntimeProvider, Version=15.0.0.0, Culture=neutral, PublicKeyToken=b03f5f7f11d50a3a' inside file 'C:\Program Files\dotnet\sdk\7.0.102\Extensions\Microsoft.TestPlatform.TestHostRuntimeProvider.dll'
TpTrace Information: 0 : 22456, 1, 2023/02/27, 10:28:11.937, 107678103720, vstest.console.dll, GetTestExtensionFromType: Register extension with identifier data 'HostProvider://DotnetTestHost' and type 'Microsoft.VisualStudio.TestPlatform.CrossPlatEngine.Hosting.DotnetTestHostManager, Microsoft.TestPlatform.TestHostRuntimeProvider, Version=15.0.0.0, Culture=neutral, PublicKeyToken=b03f5f7f11d50a3a' inside file 'C:\Program Files\dotnet\sdk\7.0.102\Extensions\Microsoft.TestPlatform.TestHostRuntimeProvider.dll'
TpTrace Information: 0 : 22456, 1, 2023/02/27, 10:28:11.938, 107678105678, vstest.console.dll, AssemblyResolver.OnResolve: Microsoft.VisualStudio.TestPlatform.Extensions.Html.TestLogger: Resolving assembly.
TpTrace Information: 0 : 22456, 1, 2023/02/27, 10:28:11.938, 107678106821, vstest.console.dll, AssemblyResolver.OnResolve: Microsoft.VisualStudio.TestPlatform.Extensions.Html.TestLogger: Searching in: 'C:\Program Files\dotnet\sdk\7.0.102\Extensions'.
TpTrace Information: 0 : 22456, 1, 2023/02/27, 10:28:11.938, 107678113830, vstest.console.dll, AssemblyResolver.OnResolve: Microsoft.VisualStudio.TestPlatform.Extensions.Html.TestLogger: Loading assembly 'C:\Program Files\dotnet\sdk\7.0.102\Extensions\Microsoft.VisualStudio.TestPlatform.Extensions.Html.TestLogger.dll'.
TpTrace Information: 0 : 22456, 1, 2023/02/27, 10:28:11.939, 107678124125, vstest.console.dll, AssemblyResolver.OnResolve: Resolved assembly: Microsoft.VisualStudio.TestPlatform.Extensions.Html.TestLogger, from path: C:\Program Files\dotnet\sdk\7.0.102\Extensions\Microsoft.VisualStudio.TestPlatform.Extensions.Html.TestLogger.dll
TpTrace Verbose: 0 : 22456, 1, 2023/02/27, 10:28:11.940, 107678125915, vstest.console.dll, MetadataReaderExtensionsHelper: Discovering extensions inside assembly 'Microsoft.VisualStudio.TestPlatform.Extensions.Html.TestLogger, Version=15.0.0.0, Culture=neutral, PublicKeyToken=b03f5f7f11d50a3a' file path 'C:\Program Files\dotnet\sdk\7.0.102\Extensions\Microsoft.VisualStudio.TestPlatform.Extensions.Html.TestLogger.dll'
TpTrace Information: 0 : 22456, 1, 2023/02/27, 10:28:11.941, 107678142033, vstest.console.dll, AssemblyResolver.OnResolve: Microsoft.VisualStudio.TestPlatform.Extensions.Trx.TestLogger: Resolving assembly.
TpTrace Information: 0 : 22456, 1, 2023/02/27, 10:28:11.941, 107678143532, vstest.console.dll, AssemblyResolver.OnResolve: Microsoft.VisualStudio.TestPlatform.Extensions.Trx.TestLogger: Searching in: 'C:\Program Files\dotnet\sdk\7.0.102\Extensions'.
TpTrace Information: 0 : 22456, 1, 2023/02/27, 10:28:11.942, 107678149244, vstest.console.dll, AssemblyResolver.OnResolve: Microsoft.VisualStudio.TestPlatform.Extensions.Trx.TestLogger: Loading assembly 'C:\Program Files\dotnet\sdk\7.0.102\Extensions\Microsoft.VisualStudio.TestPlatform.Extensions.Trx.TestLogger.dll'.
TpTrace Information: 0 : 22456, 1, 2023/02/27, 10:28:11.943, 107678159138, vstest.console.dll, AssemblyResolver.OnResolve: Resolved assembly: Microsoft.VisualStudio.TestPlatform.Extensions.Trx.TestLogger, from path: C:\Program Files\dotnet\sdk\7.0.102\Extensions\Microsoft.VisualStudio.TestPlatform.Extensions.Trx.TestLogger.dll
TpTrace Verbose: 0 : 22456, 1, 2023/02/27, 10:28:11.943, 107678160754, vstest.console.dll, MetadataReaderExtensionsHelper: Discovering extensions inside assembly 'Microsoft.VisualStudio.TestPlatform.Extensions.Trx.TestLogger, Version=15.0.0.0, Culture=neutral, PublicKeyToken=b03f5f7f11d50a3a' file path 'C:\Program Files\dotnet\sdk\7.0.102\Extensions\Microsoft.VisualStudio.TestPlatform.Extensions.Trx.TestLogger.dll'
TpTrace Verbose: 0 : 22456, 1, 2023/02/27, 10:28:11.945, 107678182729, vstest.console.dll, TestPluginCache: Discovered the extensions using extension path ''.
TpTrace Verbose: 0 : 22456, 1, 2023/02/27, 10:28:11.945, 107678184459, vstest.console.dll, TestPluginCache: Discoverers are ''.
TpTrace Verbose: 0 : 22456, 1, 2023/02/27, 10:28:11.945, 107678185294, vstest.console.dll, TestPluginCache: Executors are ''.
TpTrace Verbose: 0 : 22456, 1, 2023/02/27, 10:28:11.946, 107678185950, vstest.console.dll, TestPluginCache: Executors2 are ''.
TpTrace Verbose: 0 : 22456, 1, 2023/02/27, 10:28:11.946, 107678186615, vstest.console.dll, TestPluginCache: Setting providers are ''.
TpTrace Verbose: 0 : 22456, 1, 2023/02/27, 10:28:11.946, 107678187275, vstest.console.dll, TestPluginCache: Loggers are ''.
TpTrace Verbose: 0 : 22456, 1, 2023/02/27, 10:28:11.946, 107678189284, vstest.console.dll, TestPluginCache: TestHosts are 'HostProvider://DefaultTestHost,HostProvider://DotnetTestHost'.
TpTrace Verbose: 0 : 22456, 1, 2023/02/27, 10:28:11.946, 107678190475, vstest.console.dll, TestPluginCache: DataCollectors are ''.
TpTrace Information: 0 : 22456, 1, 2023/02/27, 10:28:11.970, 107678429372, vstest.console.dll, RunTestsArgumentProcessor:Execute: Test run is starting.
TpTrace Verbose: 0 : 22456, 1, 2023/02/27, 10:28:11.970, 107678431039, vstest.console.dll, RunTestsArgumentProcessor:Execute: Queuing Test run.
TpTrace Information: 0 : 22456, 1, 2023/02/27, 10:28:11.970, 107678435337, vstest.console.dll, TestRequestManager.RunTests: run tests started.
TpTrace Information: 0 : 22456, 1, 2023/02/27, 10:28:12.002, 107678745991, vstest.console.dll, AssemblyMetadataProvider.GetFrameworkName: Determined framework:'.NETCoreApp,Version=v7.0' for source: 'C:\C#\base\unit-test-example\App.Application.Test\bin\Debug\net7.0\fine-code-coverage\build-output\App.Application.Test.dll'
TpTrace Information: 0 : 22456, 1, 2023/02/27, 10:28:12.002, 107678751910, vstest.console.dll, Determined framework for all sources: .NETCoreApp,Version=v7.0
TpTrace Verbose: 0 : 22456, 1, 2023/02/27, 10:28:12.003, 107678759886, vstest.console.dll, TestRequestManager.UpdateRunSettingsIfRequired: Default architecture: X64 IsDefaultTargetArchitecture: True, Current process architecture: X64 OperatingSystem: Windows.
TpTrace Information: 0 : 22456, 1, 2023/02/27, 10:28:12.006, 107678790492, vstest.console.dll, AssemblyMetadataProvider.GetArchitecture: Determined architecture:AnyCPU info for assembly: C:\C#\base\unit-test-example\App.Application.Test\bin\Debug\net7.0\fine-code-coverage\build-output\App.Application.Test.dll
TpTrace Information: 0 : 22456, 1, 2023/02/27, 10:28:12.006, 107678791696, vstest.console.dll, Determined platform for source 'C:\C#\base\unit-test-example\App.Application.Test\bin\Debug\net7.0\fine-code-coverage\build-output\App.Application.Test.dll' was AnyCPU and it will use the default plaform X64.
TpTrace Information: 0 : 22456, 1, 2023/02/27, 10:28:12.006, 107678792231, vstest.console.dll, None of the sources provided any runnable platform, using the default platform: X64
TpTrace Information: 0 : 22456, 1, 2023/02/27, 10:28:12.006, 107678793877, vstest.console.dll, Platform was updated to 'X64'.
TpTrace Information: 0 : 22456, 1, 2023/02/27, 10:28:12.011, 107678840470, vstest.console.dll, InferRunSettingsHelper.IsTestSettingsEnabled: Unable to navigate to RunSettings/MSTest. Current node: RunSettings
TpTrace Information: 0 : 22456, 1, 2023/02/27, 10:28:12.012, 107678849396, vstest.console.dll, AssemblyResolver.OnResolve: Microsoft.VisualStudio.TestPlatform.Fakes: Resolving assembly.
TpTrace Information: 0 : 22456, 1, 2023/02/27, 10:28:12.012, 107678850294, vstest.console.dll, AssemblyResolver.OnResolve: Microsoft.VisualStudio.TestPlatform.Fakes: Searching in: 'C:\Program Files\dotnet\sdk\7.0.102\Extensions'.
TpTrace Information: 0 : 22456, 1, 2023/02/27, 10:28:12.012, 107678851741, vstest.console.dll, AssemblyResolver.OnResolve: Microsoft.VisualStudio.TestPlatform.Fakes: Assembly path does not exist: 'C:\Program Files\dotnet\sdk\7.0.102\Extensions\Microsoft.VisualStudio.TestPlatform.Fakes.dll', returning.
TpTrace Information: 0 : 22456, 1, 2023/02/27, 10:28:12.012, 107678852824, vstest.console.dll, AssemblyResolver.OnResolve: Microsoft.VisualStudio.TestPlatform.Fakes: Assembly path does not exist: 'C:\Program Files\dotnet\sdk\7.0.102\Extensions\Microsoft.VisualStudio.TestPlatform.Fakes.exe', returning.
TpTrace Information: 0 : 22456, 1, 2023/02/27, 10:28:12.012, 107678855105, vstest.console.dll, AssemblyResolver.OnResolve: Microsoft.VisualStudio.TestPlatform.Fakes: Searching in: 'C:\Program Files\dotnet\sdk\7.0.102'.
TpTrace Information: 0 : 22456, 1, 2023/02/27, 10:28:12.013, 107678858367, vstest.console.dll, AssemblyResolver.OnResolve: Microsoft.VisualStudio.TestPlatform.Fakes: Assembly path does not exist: 'C:\Program Files\dotnet\sdk\7.0.102\Microsoft.VisualStudio.TestPlatform.Fakes.dll', returning.
TpTrace Information: 0 : 22456, 1, 2023/02/27, 10:28:12.013, 107678861013, vstest.console.dll, AssemblyResolver.OnResolve: Microsoft.VisualStudio.TestPlatform.Fakes: Assembly path does not exist: 'C:\Program Files\dotnet\sdk\7.0.102\Microsoft.VisualStudio.TestPlatform.Fakes.exe', returning.
TpTrace Information: 0 : 22456, 1, 2023/02/27, 10:28:12.013, 107678862085, vstest.console.dll, AssemblyResolver.OnResolve: Microsoft.VisualStudio.TestPlatform.Fakes: Failed to load assembly.
TpTrace Information: 0 : 22456, 1, 2023/02/27, 10:28:12.014, 107678868339, vstest.console.dll, Failed to load assembly Microsoft.VisualStudio.TestPlatform.Fakes, Version=17.0.0.0, Culture=neutral. Reason:System.IO.FileNotFoundException: Could not load file or assembly 'Microsoft.VisualStudio.TestPlatform.Fakes, Version=17.0.0.0, Culture=neutral, PublicKeyToken=null'. O sistema não pode encontrar o arquivo especificado.
File name: 'Microsoft.VisualStudio.TestPlatform.Fakes, Version=17.0.0.0, Culture=neutral, PublicKeyToken=null'
   at System.Reflection.RuntimeAssembly.InternalLoad(AssemblyName assemblyName, StackCrawlMark& stackMark, AssemblyLoadContext assemblyLoadContext, RuntimeAssembly requestingAssembly, Boolean throwOnFileNotFound)
   at System.Reflection.Assembly.Load(AssemblyName assemblyRef)
   at Microsoft.VisualStudio.TestPlatform.Common.Utilities.FakesUtilities.LoadTestPlatformAssembly()
TpTrace Verbose: 0 : 22456, 1, 2023/02/27, 10:28:12.023, 107678959758, vstest.console.dll, TestPluginCache.DiscoverTestExtensions: finding test extensions in assemblies ends with: TestLogger.dll TPluginInfo: Microsoft.VisualStudio.TestPlatform.Common.ExtensionFramework.Utilities.TestLoggerPluginInformation TExtension: Microsoft.VisualStudio.TestPlatform.ObjectModel.Client.ITestLogger
TpTrace Verbose: 0 : 22456, 1, 2023/02/27, 10:28:12.023, 107678961503, vstest.console.dll, TestPluginCache.GetExtensionPaths: Filtered extension paths: 
TpTrace Verbose: 0 : 22456, 1, 2023/02/27, 10:28:12.023, 107678962225, vstest.console.dll, TestPluginCache.GetExtensionPaths: Added default extension paths: C:\Program Files\dotnet\sdk\7.0.102\Extensions\Microsoft.Diagnostics.NETCore.Client.dll
C:\Program Files\dotnet\sdk\7.0.102\Extensions\Microsoft.TestPlatform.Extensions.BlameDataCollector.dll
C:\Program Files\dotnet\sdk\7.0.102\Extensions\Microsoft.TestPlatform.Extensions.EventLogCollector.dll
C:\Program Files\dotnet\sdk\7.0.102\Extensions\Microsoft.TestPlatform.TestHostRuntimeProvider.dll
C:\Program Files\dotnet\sdk\7.0.102\Extensions\Microsoft.VisualStudio.TestPlatform.Extensions.Html.TestLogger.dll
C:\Program Files\dotnet\sdk\7.0.102\Extensions\Microsoft.VisualStudio.TestPlatform.Extensions.Trx.TestLogger.dll
TpTrace Verbose: 0 : 22456, 1, 2023/02/27, 10:28:12.023, 107678962775, vstest.console.dll, TestPluginCache.GetExtensionPaths: Added unfilterableExtensionPaths: 
TpTrace Information: 0 : 22456, 1, 2023/02/27, 10:28:12.023, 107678965176, vstest.console.dll, AssemblyResolver.AddSearchDirectories: Adding more searchDirectories C:\Program Files\dotnet\sdk\7.0.102\Extensions,C:\Program Files\dotnet\sdk\7.0.102
TpTrace Verbose: 0 : 22456, 1, 2023/02/27, 10:28:12.024, 107678965937, vstest.console.dll, TestPluginCache.DiscoverTestExtensions: Discovering the extensions using extension path.
TpTrace Verbose: 0 : 22456, 1, 2023/02/27, 10:28:12.024, 107678966505, vstest.console.dll, TestPluginCache.GetExtensionPaths: Filtered extension paths: 
TpTrace Verbose: 0 : 22456, 1, 2023/02/27, 10:28:12.024, 107678967077, vstest.console.dll, TestPluginCache.GetExtensionPaths: Added default extension paths: C:\Program Files\dotnet\sdk\7.0.102\Extensions\Microsoft.Diagnostics.NETCore.Client.dll
C:\Program Files\dotnet\sdk\7.0.102\Extensions\Microsoft.TestPlatform.Extensions.BlameDataCollector.dll
C:\Program Files\dotnet\sdk\7.0.102\Extensions\Microsoft.TestPlatform.Extensions.EventLogCollector.dll
C:\Program Files\dotnet\sdk\7.0.102\Extensions\Microsoft.TestPlatform.TestHostRuntimeProvider.dll
C:\Program Files\dotnet\sdk\7.0.102\Extensions\Microsoft.VisualStudio.TestPlatform.Extensions.Html.TestLogger.dll
C:\Program Files\dotnet\sdk\7.0.102\Extensions\Microsoft.VisualStudio.TestPlatform.Extensions.Trx.TestLogger.dll
TpTrace Verbose: 0 : 22456, 1, 2023/02/27, 10:28:12.024, 107678967551, vstest.console.dll, TestPluginCache.GetExtensionPaths: Added unfilterableExtensionPaths: 
TpTrace Verbose: 0 : 22456, 1, 2023/02/27, 10:28:12.024, 107678968083, vstest.console.dll, TestPluginCache.DiscoverTestExtensions: Discovering the extensions using allExtensionPaths: C:\Program Files\dotnet\sdk\7.0.102\Extensions\Microsoft.Diagnostics.NETCore.Client.dll
C:\Program Files\dotnet\sdk\7.0.102\Extensions\Microsoft.TestPlatform.Extensions.BlameDataCollector.dll
C:\Program Files\dotnet\sdk\7.0.102\Extensions\Microsoft.TestPlatform.Extensions.EventLogCollector.dll
C:\Program Files\dotnet\sdk\7.0.102\Extensions\Microsoft.TestPlatform.TestHostRuntimeProvider.dll
C:\Program Files\dotnet\sdk\7.0.102\Extensions\Microsoft.VisualStudio.TestPlatform.Extensions.Html.TestLogger.dll
C:\Program Files\dotnet\sdk\7.0.102\Extensions\Microsoft.VisualStudio.TestPlatform.Extensions.Trx.TestLogger.dll
TpTrace Information: 0 : 22456, 1, 2023/02/27, 10:28:12.024, 107678968802, vstest.console.dll, AssemblyResolver.AddSearchDirectories: Adding more searchDirectories C:\Program Files\dotnet\sdk\7.0.102\Extensions,C:\Program Files\dotnet\sdk\7.0.102
TpTrace Information: 0 : 22456, 1, 2023/02/27, 10:28:12.024, 107678969543, vstest.console.dll, AssemblyResolver.AddSearchDirectories: Adding more searchDirectories C:\Program Files\dotnet\sdk\7.0.102\Extensions,C:\Program Files\dotnet\sdk\7.0.102
TpTrace Information: 0 : 22456, 1, 2023/02/27, 10:28:12.024, 107678970042, vstest.console.dll, AssemblyResolver.AddSearchDirectories: Adding more searchDirectories C:\Program Files\dotnet\sdk\7.0.102\Extensions,C:\Program Files\dotnet\sdk\7.0.102
TpTrace Information: 0 : 22456, 1, 2023/02/27, 10:28:12.024, 107678970518, vstest.console.dll, AssemblyResolver.AddSearchDirectories: Adding more searchDirectories C:\Program Files\dotnet\sdk\7.0.102\Extensions,C:\Program Files\dotnet\sdk\7.0.102
TpTrace Information: 0 : 22456, 1, 2023/02/27, 10:28:12.024, 107678971078, vstest.console.dll, AssemblyResolver.AddSearchDirectories: Adding more searchDirectories C:\Program Files\dotnet\sdk\7.0.102\Extensions,C:\Program Files\dotnet\sdk\7.0.102
TpTrace Information: 0 : 22456, 1, 2023/02/27, 10:28:12.024, 107678971562, vstest.console.dll, AssemblyResolver.AddSearchDirectories: Adding more searchDirectories C:\Program Files\dotnet\sdk\7.0.102\Extensions,C:\Program Files\dotnet\sdk\7.0.102
TpTrace Verbose: 0 : 22456, 1, 2023/02/27, 10:28:12.024, 107678973359, vstest.console.dll, MetadataReaderExtensionsHelper: Discovering extensions inside assembly 'Microsoft.Diagnostics.NETCore.Client, Version=0.2.6.42401, Culture=neutral, PublicKeyToken=31bf3856ad364e35' file path 'C:\Program Files\dotnet\sdk\7.0.102\Extensions\Microsoft.Diagnostics.NETCore.Client.dll'
TpTrace Information: 0 : 22456, 1, 2023/02/27, 10:28:12.025, 107678984756, vstest.console.dll, AssemblyResolver.OnResolve: Microsoft.Bcl.AsyncInterfaces: Resolving assembly.
TpTrace Information: 0 : 22456, 1, 2023/02/27, 10:28:12.026, 107678985991, vstest.console.dll, AssemblyResolver.OnResolve: Microsoft.Bcl.AsyncInterfaces: Resolved from cache.
TpTrace Verbose: 0 : 22456, 1, 2023/02/27, 10:28:12.026, 107678986497, vstest.console.dll, CurrentDomainAssemblyResolve: Resolving assembly 'Microsoft.Bcl.AsyncInterfaces'.
TpTrace Information: 0 : 22456, 1, 2023/02/27, 10:28:12.026, 107678987293, vstest.console.dll, AssemblyResolver.OnResolve: Microsoft.Bcl.AsyncInterfaces: Resolving assembly.
TpTrace Information: 0 : 22456, 1, 2023/02/27, 10:28:12.026, 107678987779, vstest.console.dll, AssemblyResolver.OnResolve: Microsoft.Bcl.AsyncInterfaces: Resolved from cache.
TpTrace Verbose: 0 : 22456, 1, 2023/02/27, 10:28:12.026, 107678988205, vstest.console.dll, CurrentDomainAssemblyResolve: Resolving assembly 'Microsoft.Bcl.AsyncInterfaces'.
TpTrace Verbose: 0 : 22456, 1, 2023/02/27, 10:28:12.026, 107678988619, vstest.console.dll, CurrentDomainAssemblyResolve: Failed to resolve assembly 'Microsoft.Bcl.AsyncInterfaces'.
TpTrace Verbose: 0 : 22456, 1, 2023/02/27, 10:28:12.026, 107678991268, vstest.console.dll, CurrentDomainAssemblyResolve: Failed to resolve assembly 'Microsoft.Bcl.AsyncInterfaces'.
TpTrace Warning: 0 : 22456, 1, 2023/02/27, 10:28:12.027, 107678997828, vstest.console.dll, TestPluginDiscoverer: Failed to get types from assembly 'Microsoft.Diagnostics.NETCore.Client, Version=0.2.6.42401, Culture=neutral, PublicKeyToken=31bf3856ad364e35'. Error: System.Reflection.ReflectionTypeLoadException: Unable to load one or more of the requested types.
Could not load file or assembly 'Microsoft.Bcl.AsyncInterfaces, Version=1.0.0.0, Culture=neutral, PublicKeyToken=cc7b13ffcd2ddd51'. O sistema não pode encontrar o arquivo especificado.
   at System.Reflection.RuntimeModule.GetTypes(RuntimeModule module)
   at System.Reflection.Assembly.GetTypes()
   at Microsoft.VisualStudio.TestPlatform.Common.ExtensionFramework.TestPluginDiscoverer.GetTestExtensionsFromAssembly[TPluginInfo,TExtension](Assembly assembly, Dictionary`2 pluginInfos, String filePath)
System.IO.FileNotFoundException: Could not load file or assembly 'Microsoft.Bcl.AsyncInterfaces, Version=1.0.0.0, Culture=neutral, PublicKeyToken=cc7b13ffcd2ddd51'. O sistema não pode encontrar o arquivo especificado.
File name: 'Microsoft.Bcl.AsyncInterfaces, Version=1.0.0.0, Culture=neutral, PublicKeyToken=cc7b13ffcd2ddd51'
 ---> System.IO.FileNotFoundException: Could not load file or assembly 'Microsoft.Bcl.AsyncInterfaces, Culture=neutral, PublicKeyToken=null'. O sistema não pode encontrar o arquivo especificado.
File name: 'Microsoft.Bcl.AsyncInterfaces, Culture=neutral, PublicKeyToken=null'
   at System.Reflection.RuntimeAssembly.InternalLoad(AssemblyName assemblyName, StackCrawlMark& stackMark, AssemblyLoadContext assemblyLoadContext, RuntimeAssembly requestingAssembly, Boolean throwOnFileNotFound)
   at System.Reflection.Assembly.Load(AssemblyName assemblyRef)
   at Microsoft.VisualStudio.TestPlatform.Common.ExtensionFramework.TestPluginCache.CurrentDomainAssemblyResolve(Object sender, AssemblyResolveEventArgs args)
   at System.Runtime.Loader.AssemblyLoadContext.GetFirstResolvedAssemblyFromResolvingEvent(AssemblyName assemblyName)
   at System.Runtime.Loader.AssemblyLoadContext.ResolveUsingEvent(AssemblyName assemblyName)
   at System.Runtime.Loader.AssemblyLoadContext.ResolveUsingResolvingEvent(IntPtr gchManagedAssemblyLoadContext, AssemblyName assemblyName)
TpTrace Warning: 0 : 22456, 1, 2023/02/27, 10:28:12.027, 107679001083, vstest.console.dll, LoaderExceptions: System.IO.FileNotFoundException: Could not load file or assembly 'Microsoft.Bcl.AsyncInterfaces, Version=1.0.0.0, Culture=neutral, PublicKeyToken=cc7b13ffcd2ddd51'. O sistema não pode encontrar o arquivo especificado.
File name: 'Microsoft.Bcl.AsyncInterfaces, Version=1.0.0.0, Culture=neutral, PublicKeyToken=cc7b13ffcd2ddd51'
 ---> System.IO.FileNotFoundException: Could not load file or assembly 'Microsoft.Bcl.AsyncInterfaces, Culture=neutral, PublicKeyToken=null'. O sistema não pode encontrar o arquivo especificado.
File name: 'Microsoft.Bcl.AsyncInterfaces, Culture=neutral, PublicKeyToken=null'
   at System.Reflection.RuntimeAssembly.InternalLoad(AssemblyName assemblyName, StackCrawlMark& stackMark, AssemblyLoadContext assemblyLoadContext, RuntimeAssembly requestingAssembly, Boolean throwOnFileNotFound)
   at System.Reflection.Assembly.Load(AssemblyName assemblyRef)
   at Microsoft.VisualStudio.TestPlatform.Common.ExtensionFramework.TestPluginCache.CurrentDomainAssemblyResolve(Object sender, AssemblyResolveEventArgs args)
   at System.Runtime.Loader.AssemblyLoadContext.GetFirstResolvedAssemblyFromResolvingEvent(AssemblyName assemblyName)
   at System.Runtime.Loader.AssemblyLoadContext.ResolveUsingEvent(AssemblyName assemblyName)
   at System.Runtime.Loader.AssemblyLoadContext.ResolveUsingResolvingEvent(IntPtr gchManagedAssemblyLoadContext, AssemblyName assemblyName)
TpTrace Verbose: 0 : 22456, 1, 2023/02/27, 10:28:12.027, 107679002725, vstest.console.dll, MetadataReaderExtensionsHelper: Discovering extensions inside assembly 'Microsoft.TestPlatform.Extensions.BlameDataCollector, Version=15.0.0.0, Culture=neutral, PublicKeyToken=b03f5f7f11d50a3a' file path 'C:\Program Files\dotnet\sdk\7.0.102\Extensions\Microsoft.TestPlatform.Extensions.BlameDataCollector.dll'
TpTrace Information: 0 : 22456, 1, 2023/02/27, 10:28:12.028, 107679014331, vstest.console.dll, GetTestExtensionFromType: Register extension with identifier data 'logger://Microsoft/TestPlatform/Extensions/Blame/v1' and type 'Microsoft.TestPlatform.Extensions.BlameDataCollector.BlameLogger, Microsoft.TestPlatform.Extensions.BlameDataCollector, Version=15.0.0.0, Culture=neutral, PublicKeyToken=b03f5f7f11d50a3a' inside file 'C:\Program Files\dotnet\sdk\7.0.102\Extensions\Microsoft.TestPlatform.Extensions.BlameDataCollector.dll'
TpTrace Verbose: 0 : 22456, 1, 2023/02/27, 10:28:12.029, 107679016089, vstest.console.dll, MetadataReaderExtensionsHelper: Discovering extensions inside assembly 'Microsoft.TestPlatform.Extensions.EventLogCollector, Version=15.0.0.0, Culture=neutral, PublicKeyToken=b03f5f7f11d50a3a' file path 'C:\Program Files\dotnet\sdk\7.0.102\Extensions\Microsoft.TestPlatform.Extensions.EventLogCollector.dll'
TpTrace Verbose: 0 : 22456, 1, 2023/02/27, 10:28:12.029, 107679023099, vstest.console.dll, MetadataReaderExtensionsHelper: Discovering extensions inside assembly 'Microsoft.TestPlatform.TestHostRuntimeProvider, Version=15.0.0.0, Culture=neutral, PublicKeyToken=b03f5f7f11d50a3a' file path 'C:\Program Files\dotnet\sdk\7.0.102\Extensions\Microsoft.TestPlatform.TestHostRuntimeProvider.dll'
TpTrace Verbose: 0 : 22456, 1, 2023/02/27, 10:28:12.030, 107679029836, vstest.console.dll, MetadataReaderExtensionsHelper: Discovering extensions inside assembly 'Microsoft.VisualStudio.TestPlatform.Extensions.Html.TestLogger, Version=15.0.0.0, Culture=neutral, PublicKeyToken=b03f5f7f11d50a3a' file path 'C:\Program Files\dotnet\sdk\7.0.102\Extensions\Microsoft.VisualStudio.TestPlatform.Extensions.Html.TestLogger.dll'
TpTrace Information: 0 : 22456, 1, 2023/02/27, 10:28:12.033, 107679055877, vstest.console.dll, GetTestExtensionFromType: Register extension with identifier data 'logger://Microsoft/TestPlatform/HtmlLogger/v1' and type 'Microsoft.VisualStudio.TestPlatform.Extensions.HtmlLogger.HtmlLogger, Microsoft.VisualStudio.TestPlatform.Extensions.Html.TestLogger, Version=15.0.0.0, Culture=neutral, PublicKeyToken=b03f5f7f11d50a3a' inside file 'C:\Program Files\dotnet\sdk\7.0.102\Extensions\Microsoft.VisualStudio.TestPlatform.Extensions.Html.TestLogger.dll'
TpTrace Verbose: 0 : 22456, 1, 2023/02/27, 10:28:12.033, 107679059305, vstest.console.dll, MetadataReaderExtensionsHelper: Discovering extensions inside assembly 'Microsoft.VisualStudio.TestPlatform.Extensions.Trx.TestLogger, Version=15.0.0.0, Culture=neutral, PublicKeyToken=b03f5f7f11d50a3a' file path 'C:\Program Files\dotnet\sdk\7.0.102\Extensions\Microsoft.VisualStudio.TestPlatform.Extensions.Trx.TestLogger.dll'
TpTrace Information: 0 : 22456, 1, 2023/02/27, 10:28:12.034, 107679073175, vstest.console.dll, GetTestExtensionFromType: Register extension with identifier data 'logger://Microsoft/TestPlatform/TrxLogger/v1' and type 'Microsoft.VisualStudio.TestPlatform.Extensions.TrxLogger.TrxLogger, Microsoft.VisualStudio.TestPlatform.Extensions.Trx.TestLogger, Version=15.0.0.0, Culture=neutral, PublicKeyToken=b03f5f7f11d50a3a' inside file 'C:\Program Files\dotnet\sdk\7.0.102\Extensions\Microsoft.VisualStudio.TestPlatform.Extensions.Trx.TestLogger.dll'
TpTrace Verbose: 0 : 22456, 1, 2023/02/27, 10:28:12.035, 107679078253, vstest.console.dll, TestPluginCache: Discovered the extensions using extension path ''.
TpTrace Verbose: 0 : 22456, 1, 2023/02/27, 10:28:12.035, 107679079304, vstest.console.dll, TestPluginCache: Discoverers are ''.
TpTrace Verbose: 0 : 22456, 1, 2023/02/27, 10:28:12.035, 107679079757, vstest.console.dll, TestPluginCache: Executors are ''.
TpTrace Verbose: 0 : 22456, 1, 2023/02/27, 10:28:12.035, 107679080186, vstest.console.dll, TestPluginCache: Executors2 are ''.
TpTrace Verbose: 0 : 22456, 1, 2023/02/27, 10:28:12.035, 107679080578, vstest.console.dll, TestPluginCache: Setting providers are ''.
TpTrace Verbose: 0 : 22456, 1, 2023/02/27, 10:28:12.035, 107679081613, vstest.console.dll, TestPluginCache: Loggers are 'logger://Microsoft/TestPlatform/Extensions/Blame/v1,logger://Microsoft/TestPlatform/HtmlLogger/v1,logger://Microsoft/TestPlatform/TrxLogger/v1'.
TpTrace Verbose: 0 : 22456, 1, 2023/02/27, 10:28:12.035, 107679082215, vstest.console.dll, TestPluginCache: TestHosts are 'HostProvider://DefaultTestHost,HostProvider://DotnetTestHost'.
TpTrace Verbose: 0 : 22456, 1, 2023/02/27, 10:28:12.035, 107679082721, vstest.console.dll, TestPluginCache: DataCollectors are ''.
TpTrace Information: 0 : 22456, 1, 2023/02/27, 10:28:12.037, 107679095783, vstest.console.dll, TestPluginManager.CreateTestExtension: Attempting to load test extension: Microsoft.TestPlatform.Extensions.BlameDataCollector.BlameLogger
TpTrace Verbose: 0 : 22456, 1, 2023/02/27, 10:28:12.047, 107679196100, vstest.console.dll, TestEngine: Initializing Parallel Execution as MaxCpuCount is set to: 1
TpTrace Information: 0 : 22456, 1, 2023/02/27, 10:28:12.053, 107679256816, vstest.console.dll, TestPluginManager.CreateTestExtension: Attempting to load test extension: Microsoft.VisualStudio.TestPlatform.CrossPlatEngine.Hosting.DefaultTestHostManager
TpTrace Information: 0 : 22456, 1, 2023/02/27, 10:28:12.054, 107679272204, vstest.console.dll, TestPluginManager.CreateTestExtension: Attempting to load test extension: Microsoft.VisualStudio.TestPlatform.CrossPlatEngine.Hosting.DotnetTestHostManager
TpTrace Information: 0 : 22456, 1, 2023/02/27, 10:28:12.056, 107679289473, vstest.console.dll, InferRunSettingsHelper.IsTestSettingsEnabled: Unable to navigate to RunSettings/MSTest. Current node: RunSettings
TpTrace Verbose: 0 : 22456, 1, 2023/02/27, 10:28:12.068, 107679412456, vstest.console.dll, TestEngine.GetExecutionManager: Chosen execution manager 'Microsoft.VisualStudio.TestPlatform.CrossPlatEngine.Client.Parallel.ParallelProxyExecutionManager, Microsoft.TestPlatform.CrossPlatEngine, Version=15.0.0.0, Culture=neutral, PublicKeyToken=b03f5f7f11d50a3a' ParallelLevel '1'.
TpTrace Verbose: 0 : 22456, 1, 2023/02/27, 10:28:12.069, 107679415941, vstest.console.dll, TestRunRequest.ExecuteAsync: Creating test run request.
TpTrace Verbose: 0 : 22456, 1, 2023/02/27, 10:28:12.069, 107679420476, vstest.console.dll, TestRunRequest.ExecuteAsync: Starting.
TpTrace Information: 0 : 22456, 1, 2023/02/27, 10:28:12.069, 107679424646, vstest.console.dll, TestRunRequest.ExecuteAsync: Starting run with settings:TestRunCriteria:
   KeepAlive=False,FrequencyOfRunStatsChangeEvent=10,RunStatsChangeEventTimeout=00:00:01.5000000,TestCaseFilter=,TestExecutorLauncher=
   Settingsxml=<RunSettings>
  <RunConfiguration>
    <ResultsDirectory>C:\C#\base\unit-test-example\App.Application.Test\bin\Debug\net7.0\fine-code-coverage\coverage-tool-output</ResultsDirectory>
    <TargetPlatform>X64</TargetPlatform>
    <TargetFrameworkVersion>.NETCoreApp,Version=v7.0</TargetFrameworkVersion>
    <DesignMode>False</DesignMode>
    <CollectSourceInformation>False</CollectSourceInformation>
  </RunConfiguration>
  <LoggerRunSettings>
    <Loggers>
      <Logger friendlyName="blame" enabled="True" />
      <Logger friendlyName="Console" uri="logger://microsoft/TestPlatform/ConsoleLogger/v1" assemblyQualifiedName="Microsoft.VisualStudio.TestPlatform.CommandLine.Internal.ConsoleLogger, vstest.console, Version=15.0.0.0, Culture=neutral, PublicKeyToken=b03f5f7f11d50a3a" codeBase="C:\Program Files\dotnet\sdk\7.0.102\vstest.console.dll" enabled="True" />
    </Loggers>
  </LoggerRunSettings>
  <DataCollectionRunSettings>
    <DataCollectors>
      <DataCollector friendlyName="blame" enabled="True">
        <Configuration>
          <ResultsDirectory>C:\C#\base\unit-test-example\App.Application.Test\bin\Debug\net7.0\fine-code-coverage\coverage-tool-output</ResultsDirectory>
        </Configuration>
      </DataCollector>
    </DataCollectors>
  </DataCollectionRunSettings>
</RunSettings>

TpTrace Verbose: 0 : 22456, 1, 2023/02/27, 10:28:12.069, 107679425483, vstest.console.dll, TestRunRequest.ExecuteAsync: Wait for the first run request is over.
TpTrace Verbose: 0 : 22456, 1, 2023/02/27, 10:28:12.070, 107679429527, vstest.console.dll, MulticastDelegateUtilities.SafeInvoke: TestRun.TestRunStart: Invoking callbacks was skipped because there are no subscribers.
TpTrace Verbose: 0 : 22456, 4, 2023/02/27, 10:28:12.070, 107679432408, vstest.console.dll, MulticastDelegateUtilities.SafeInvoke: InternalTestLoggerEvents.SendTestRunStart: Invoking callback 1/1 for Microsoft.VisualStudio.TestPlatform.CommandLine.Internal.ConsoleLogger., took 0 ms.
TpTrace Verbose: 0 : 22456, 1, 2023/02/27, 10:28:12.072, 107679447497, vstest.console.dll, ParallelProxyExecutionManager: Start execution. Total sources: 1
TpTrace Verbose: 0 : 22456, 1, 2023/02/27, 10:28:12.076, 107679490977, vstest.console.dll, TestRequestSender is acting as server.
TpTrace Verbose: 0 : 22456, 1, 2023/02/27, 10:28:12.078, 107679514426, vstest.console.dll, DataCollectionRequestSender.InitializeCommunication : Initialize communication. 
TpTrace Information: 0 : 22456, 1, 2023/02/27, 10:28:12.088, 107679610295, vstest.console.dll, Listening on Endpoint : 127.0.0.1:54077
TpTrace Verbose: 0 : 22456, 1, 2023/02/27, 10:28:12.104, 107679773452, vstest.console.dll, DotnetDataCollectionLauncher: Adding  --runtimeconfig "C:\Program Files\dotnet\sdk\7.0.102\datacollector.runtimeconfig.json" in args
TpTrace Verbose: 0 : 22456, 1, 2023/02/27, 10:28:12.105, 107679779242, vstest.console.dll, DotnetDataCollectionLauncher: Adding  --depsfile "C:\Program Files\dotnet\sdk\7.0.102\datacollector.deps.json" in args
TpTrace Verbose: 0 : 22456, 1, 2023/02/27, 10:28:12.105, 107679785270, vstest.console.dll, DotnetDataCollectionLauncher: Full path of dotnet.exe is C:\Program Files\dotnet\dotnet.exe
TpTrace Information: 0 : 22456, 1, 2023/02/27, 10:28:12.120, 107679928031, vstest.console.dll, ProxyDataCollectionManager.Initialize: Launched datacollector processId: 31608 port: 54077
TpTrace Information: 0 : 22456, 1, 2023/02/27, 10:28:12.120, 107679930870, vstest.console.dll, ProxyDataCollectionManager.Initialize: waiting for connection with timeout: 90 seconds
TpTrace Verbose: 0 : 22456, 1, 2023/02/27, 10:28:12.120, 107679932237, vstest.console.dll, DataCollectionRequestSender.WaitForRequestHandlerConnection : Waiting for connection with timeout: 90000
TpTrace Information: 0 : 22456, 7, 2023/02/27, 10:28:12.424, 107682967261, vstest.console.dll, Using the buffer size of 16384 bytes
TpTrace Verbose: 0 : 22456, 1, 2023/02/27, 10:28:12.424, 107682967468, vstest.console.dll, SocketCommunicationManager.WaitForClientConnection took: 303 ms, with 90000 ms timeout, and finished with True.
TpTrace Information: 0 : 22456, 7, 2023/02/27, 10:28:12.424, 107682969434, vstest.console.dll, Accepted Client request and set the flag
TpTrace Verbose: 0 : 22456, 1, 2023/02/27, 10:28:12.424, 107682971564, vstest.console.dll, ProxyDataCollectionManager.InvokeDataCollectionServiceAction: Starting.
TpTrace Information: 0 : 22456, 1, 2023/02/27, 10:28:12.424, 107682973379, vstest.console.dll, ProxyDataCollectionManager.BeforeTestRunStart: Get environment variable and port for datacollector processId: 31608 port: 54077
TpTrace Verbose: 0 : 22456, 1, 2023/02/27, 10:28:12.425, 107682976162, vstest.console.dll, DataCollectionRequestSender.SendBeforeTestRunStartAndGetResult: Send BeforeTestRunStart message with settingsXml <RunSettings><RunConfiguration><ResultsDirectory>C:\C#\base\unit-test-example\App.Application.Test\bin\Debug\net7.0\fine-code-coverage\coverage-tool-output</ResultsDirectory><TargetPlatform>X64</TargetPlatform><TargetFrameworkVersion>.NETCoreApp,Version=v7.0</TargetFrameworkVersion><DesignMode>False</DesignMode><CollectSourceInformation>False</CollectSourceInformation><TestAdaptersPaths>C:\Program Files\dotnet\sdk\7.0.102\Extensions</TestAdaptersPaths></RunConfiguration><LoggerRunSettings><Loggers><Logger friendlyName="blame" enabled="True" /><Logger friendlyName="Console" uri="logger://microsoft/TestPlatform/ConsoleLogger/v1" assemblyQualifiedName="Microsoft.VisualStudio.TestPlatform.CommandLine.Internal.ConsoleLogger, vstest.console, Version=15.0.0.0, Culture=neutral, PublicKeyToken=b03f5f7f11d50a3a" codeBase="C:\Program Files\dotnet\sdk\7.0.102\vstest.console.dll" enabled="True" /></Loggers></LoggerRunSettings><DataCollectionRunSettings><DataCollectors><DataCollector friendlyName="blame" enabled="True"><Configuration><ResultsDirectory>C:\C#\base\unit-test-example\App.Application.Test\bin\Debug\net7.0\fine-code-coverage\coverage-tool-output</ResultsDirectory></Configuration></DataCollector></DataCollectors></DataCollectionRunSettings></RunSettings> and sources System.Collections.Generic.List`1[System.String]: 
TpTrace Verbose: 0 : 22456, 1, 2023/02/27, 10:28:12.576, 107684494498, vstest.console.dll, DataCollectionRequestSender.SendBeforeTestRunStartAndGetResult: Received message: (DataCollection.SendMessage) -> {"MessageType":"DataCollection.SendMessage","Payload":{"FriendlyName":null,"Uri":null,"TestCaseId":"00000000-0000-0000-0000-000000000000","Message":"Logging DataCollector Diagnostics in file: C:\\C#\\base\\unit-test-example\\App.Application.Test\\bin\\Debug\\net7.0\\fine-code-coverage\\coverage-tool-output\\diagnostics.datacollector.23-02-27_10-28-12_10420_1.log","Level":0}}
TpTrace Verbose: 0 : 22456, 1, 2023/02/27, 10:28:12.723, 107685956949, vstest.console.dll, DataCollectionRequestSender.SendBeforeTestRunStartAndGetResult: Received message: (DataCollection.BeforeTestRunStartResult) -> {"MessageType":"DataCollection.BeforeTestRunStartResult","Payload":{"EnvironmentVariables":{},"DataCollectionEventsPort":54079}}
TpTrace Information: 0 : 22456, 1, 2023/02/27, 10:28:12.729, 107686022773, vstest.console.dll, ProxyDataCollectionManager.BeforeTestRunStart: SendBeforeTestRunStartAndGetResult successful, env variable from datacollector:   and testhost port: 54079
TpTrace Information: 0 : 22456, 1, 2023/02/27, 10:28:12.729, 107686024544, vstest.console.dll, ProxyDataCollectionManager.InvokeDataCollectionServiceAction: Completed.
TpTrace Verbose: 0 : 22456, 7, 2023/02/27, 10:28:12.730, 107686026345, vstest.console.dll, ParallelProxyExecutionManager: Execution started. Started clients: 1
TpTrace Verbose: 0 : 22456, 1, 2023/02/27, 10:28:12.730, 107686026629, vstest.console.dll, ProxyParallelExecutionManager: No sources available for execution.
TpTrace Information: 0 : 22456, 1, 2023/02/27, 10:28:12.730, 107686028537, vstest.console.dll, TestRunRequest.ExecuteAsync: Started.
TpTrace Verbose: 0 : 22456, 1, 2023/02/27, 10:28:12.730, 107686029855, vstest.console.dll, TestRunRequest.WaitForCompletion: Waiting with timeout -1.
TpTrace Verbose: 0 : 22456, 7, 2023/02/27, 10:28:12.730, 107686030387, vstest.console.dll, TestRunRequest:SendTestRunMessage: Starting.
TpTrace Verbose: 0 : 22456, 7, 2023/02/27, 10:28:12.730, 107686032828, vstest.console.dll, MulticastDelegateUtilities.SafeInvoke: TestRun.LogMessages: Invoking callback 1/1 for Microsoft.VisualStudio.TestPlatform.CommandLine.TestRunResultAggregator., took 0 ms.
TpTrace Information: 0 : 22456, 7, 2023/02/27, 10:28:12.730, 107686033838, vstest.console.dll, TestRunRequest:SendTestRunMessage: Completed.
TpTrace Verbose: 0 : 22456, 4, 2023/02/27, 10:28:12.731, 107686039534, vstest.console.dll, MulticastDelegateUtilities.SafeInvoke: InternalTestLoggerEvents.SendTestRunMessage: Invoking callback 1/1 for Microsoft.VisualStudio.TestPlatform.CommandLine.Internal.ConsoleLogger., took 0 ms.
TpTrace Verbose: 0 : 22456, 7, 2023/02/27, 10:28:12.731, 107686042835, vstest.console.dll, ProxyExecutionManager: Test host is always Lazy initialize.
TpTrace Verbose: 0 : 22456, 7, 2023/02/27, 10:28:12.733, 107686058643, vstest.console.dll, TestRequestSender.InitializeCommunication: initialize communication. 
TpTrace Information: 0 : 22456, 7, 2023/02/27, 10:28:12.734, 107686069479, vstest.console.dll, SocketServer.Start: Listening on endpoint : 127.0.0.1:54080
TpTrace Verbose: 0 : 22456, 7, 2023/02/27, 10:28:12.736, 107686086669, vstest.console.dll, DotnetTestHostmanager.GetTestHostProcessStartInfo: Platform environment 'X64' target architecture 'X64' framework '.NETCoreApp,Version=v7.0' OS 'Windows'
TpTrace Verbose: 0 : 22456, 7, 2023/02/27, 10:28:12.736, 107686090342, vstest.console.dll, DotnetTestHostmanager: Adding  --runtimeconfig "C:\C#\base\unit-test-example\App.Application.Test\bin\Debug\net7.0\fine-code-coverage\build-output\App.Application.Test.runtimeconfig.json" in args
TpTrace Verbose: 0 : 22456, 7, 2023/02/27, 10:28:12.736, 107686092118, vstest.console.dll, DotnetTestHostmanager: Adding  --depsfile "C:\C#\base\unit-test-example\App.Application.Test\bin\Debug\net7.0\fine-code-coverage\build-output\App.Application.Test.deps.json" in args
TpTrace Verbose: 0 : 22456, 7, 2023/02/27, 10:28:12.736, 107686094690, vstest.console.dll, DotnetTestHostmanager.IsWinOnArm: Current PROCESSOR_ARCHITECTURE from environment variable 'AMD64'
TpTrace Verbose: 0 : 22456, 7, 2023/02/27, 10:28:12.736, 107686095679, vstest.console.dll, DotnetTestHostmanager.IsWinOnArm: Is Windows on ARM 'False'
TpTrace Verbose: 0 : 22456, 7, 2023/02/27, 10:28:12.737, 107686097568, vstest.console.dll, DotnetTestHostManager: testhost.exe found at path: C:\C#\base\unit-test-example\App.Application.Test\bin\Debug\net7.0\fine-code-coverage\build-output\testhost.exe
TpTrace Verbose: 0 : 22456, 7, 2023/02/27, 10:28:12.737, 107686098632, vstest.console.dll, DotnetTestHostmanager: Full path of host exe is C:\C#\base\unit-test-example\App.Application.Test\bin\Debug\net7.0\fine-code-coverage\build-output\testhost.exe
TpTrace Verbose: 0 : 22456, 7, 2023/02/27, 10:28:12.737, 107686100896, vstest.console.dll, DotnetTestHostmanager.LaunchTestHostAsync: Found 'VSTEST_WINAPPHOST_DOTNET_ROOT' in env variables, value 'C:\Program Files\dotnet', forwarding to 'DOTNET_ROOT'
TpTrace Verbose: 0 : 22456, 7, 2023/02/27, 10:28:12.737, 107686103811, vstest.console.dll, DotnetTestHostManager: Starting process 'C:\C#\base\unit-test-example\App.Application.Test\bin\Debug\net7.0\fine-code-coverage\build-output\testhost.exe' with command line ' --runtimeconfig "C:\C#\base\unit-test-example\App.Application.Test\bin\Debug\net7.0\fine-code-coverage\build-output\App.Application.Test.runtimeconfig.json" --depsfile "C:\C#\base\unit-test-example\App.Application.Test\bin\Debug\net7.0\fine-code-coverage\build-output\App.Application.Test.deps.json" --port 54080 --endpoint 127.0.0.1:054080 --role client --parentprocessid 22456 --diag "C:\C#\base\unit-test-example\App.Application.Test\bin\Debug\net7.0\fine-code-coverage\coverage-tool-output\diagnostics.host.23-02-27_10-28-12_73549_7.log" --tracelevel 4 --datacollectionport 54079 --telemetryoptedin false'
TpTrace Verbose: 0 : 22456, 7, 2023/02/27, 10:28:12.749, 107686217572, vstest.console.dll, MulticastDelegateUtilities.SafeInvoke: HostProviderEvents.OnHostLaunched: Invoking callback 1/2 for Microsoft.VisualStudio.TestPlatform.CrossPlatEngine.Client.ProxyExecutionManagerWithDataCollection., took 3 ms.
TpTrace Verbose: 0 : 22456, 7, 2023/02/27, 10:28:12.750, 107686227369, vstest.console.dll, Test Runtime launched
TpTrace Verbose: 0 : 22456, 7, 2023/02/27, 10:28:12.750, 107686229891, vstest.console.dll, MulticastDelegateUtilities.SafeInvoke: HostProviderEvents.OnHostLaunched: Invoking callback 2/2 for Microsoft.VisualStudio.TestPlatform.CrossPlatEngine.Client.ProxyOperationManager., took 0 ms.
TpTrace Verbose: 0 : 22456, 7, 2023/02/27, 10:28:12.750, 107686232987, vstest.console.dll, TestRequestSender.WaitForRequestHandlerConnection: waiting for connection with timeout: 90000.
TpTrace Verbose: 0 : 22456, 10, 2023/02/27, 10:28:13.117, 107689898755, vstest.console.dll, MulticastDelegateUtilities.SafeInvoke: SocketServer: ClientConnected: Invoking callback 1/1 for Microsoft.VisualStudio.TestPlatform.CommunicationUtilities.TestRequestSender., took 0 ms.
TpTrace Verbose: 0 : 22456, 7, 2023/02/27, 10:28:13.117, 107689898621, vstest.console.dll, TestRequestSender.WaitForRequestHandlerConnection: waiting took 366 ms, with timeout 90000 ms, and result 0, which is success.
TpTrace Verbose: 0 : 22456, 10, 2023/02/27, 10:28:13.117, 107689901845, vstest.console.dll, SocketServer.OnClientConnected: Client connected for endPoint: 127.0.0.1:54080, starting MessageLoopAsync:
TpTrace Verbose: 0 : 22456, 12, 2023/02/27, 10:28:13.118, 107689915528, vstest.console.dll, TcpClientExtensions.MessageLoopAsync: Polling on remoteEndPoint: 127.0.0.1:54081 localEndPoint: 127.0.0.1:54080
TpTrace Verbose: 0 : 22456, 7, 2023/02/27, 10:28:13.120, 107689929384, vstest.console.dll, TestRequestSender.CheckVersionWithTestHost: Sending check version message: {"MessageType":"ProtocolVersion","Payload":7}
TpTrace Verbose: 0 : 22456, 12, 2023/02/27, 10:28:13.355, 107692280763, vstest.console.dll, TcpClientExtensions.MessageLoopAsync: NotifyDataAvailable remoteEndPoint: 127.0.0.1:54081 localEndPoint: 127.0.0.1:54080
TpTrace Verbose: 0 : 22456, 12, 2023/02/27, 10:28:13.355, 107692283701, vstest.console.dll, TestRequestSender.CheckVersionWithTestHost: onMessageReceived received message: (ProtocolVersion) -> {"MessageType":"ProtocolVersion","Payload":7}
TpTrace Verbose: 0 : 22456, 12, 2023/02/27, 10:28:13.356, 107692291538, vstest.console.dll, MulticastDelegateUtilities.SafeInvoke: LengthPrefixCommunicationChannel: MessageReceived: Invoking callback 1/1 for Microsoft.VisualStudio.TestPlatform.CommunicationUtilities.TestRequestSender+<>c__DisplayClass26_0., took 0 ms.
TpTrace Verbose: 0 : 22456, 7, 2023/02/27, 10:28:13.356, 107692292481, vstest.console.dll, TestPluginCache.GetExtensionPaths: Filtered extension paths: 
TpTrace Verbose: 0 : 22456, 12, 2023/02/27, 10:28:13.356, 107692292761, vstest.console.dll, TcpClientExtensions.MessageLoopAsync: Polling on remoteEndPoint: 127.0.0.1:54081 localEndPoint: 127.0.0.1:54080
TpTrace Verbose: 0 : 22456, 7, 2023/02/27, 10:28:13.356, 107692294429, vstest.console.dll, TestPluginCache.GetExtensionPaths: Added default extension paths: C:\Program Files\dotnet\sdk\7.0.102\Extensions\Microsoft.Diagnostics.NETCore.Client.dll
C:\Program Files\dotnet\sdk\7.0.102\Extensions\Microsoft.TestPlatform.Extensions.BlameDataCollector.dll
C:\Program Files\dotnet\sdk\7.0.102\Extensions\Microsoft.TestPlatform.Extensions.EventLogCollector.dll
C:\Program Files\dotnet\sdk\7.0.102\Extensions\Microsoft.TestPlatform.TestHostRuntimeProvider.dll
C:\Program Files\dotnet\sdk\7.0.102\Extensions\Microsoft.VisualStudio.TestPlatform.Extensions.Html.TestLogger.dll
C:\Program Files\dotnet\sdk\7.0.102\Extensions\Microsoft.VisualStudio.TestPlatform.Extensions.Trx.TestLogger.dll
TpTrace Verbose: 0 : 22456, 7, 2023/02/27, 10:28:13.357, 107692298206, vstest.console.dll, TestPluginCache.GetExtensionPaths: Added unfilterableExtensionPaths: 
TpTrace Verbose: 0 : 22456, 7, 2023/02/27, 10:28:13.363, 107692363588, vstest.console.dll, TestRequestSender.InitializeExecution: Sending initialize execution with message: {"Version":7,"MessageType":"TestExecution.Initialize","Payload":["C:\\C#\\base\\unit-test-example\\App.Application.Test\\bin\\Debug\\net7.0\\fine-code-coverage\\build-output\\xunit.runner.visualstudio.dotnetcore.testadapter.dll"]}
TpTrace Warning: 0 : 22456, 7, 2023/02/27, 10:28:13.366, 107692389232, vstest.console.dll, InferRunSettingsHelper.MakeRunsettingsCompatible: Removing the following settings: TargetPlatform from RunSettings file. To use those settings please move to latest version of Microsoft.NET.Test.Sdk
TpTrace Verbose: 0 : 22456, 12, 2023/02/27, 10:28:13.371, 107692440528, vstest.console.dll, TcpClientExtensions.MessageLoopAsync: NotifyDataAvailable remoteEndPoint: 127.0.0.1:54081 localEndPoint: 127.0.0.1:54080
TpTrace Verbose: 0 : 22456, 12, 2023/02/27, 10:28:13.371, 107692445019, vstest.console.dll, TestRequestSender.OnExecutionMessageReceived: Received message: {"Version":7,"MessageType":"TestSession.Message","Payload":{"MessageLevel":0,"Message":"Logging TestHost Diagnostics in file: C:\\C#\\base\\unit-test-example\\App.Application.Test\\bin\\Debug\\net7.0\\fine-code-coverage\\coverage-tool-output\\diagnostics.host.23-02-27_10-28-12_73549_7.log"}}
TpTrace Verbose: 0 : 22456, 12, 2023/02/27, 10:28:13.375, 107692482162, vstest.console.dll, TestRunRequest:SendTestRunMessage: Starting.
TpTrace Verbose: 0 : 22456, 12, 2023/02/27, 10:28:13.375, 107692484939, vstest.console.dll, MulticastDelegateUtilities.SafeInvoke: TestRun.LogMessages: Invoking callback 1/1 for Microsoft.VisualStudio.TestPlatform.CommandLine.TestRunResultAggregator., took 0 ms.
TpTrace Verbose: 0 : 22456, 4, 2023/02/27, 10:28:13.375, 107692485135, vstest.console.dll, MulticastDelegateUtilities.SafeInvoke: InternalTestLoggerEvents.SendTestRunMessage: Invoking callback 1/1 for Microsoft.VisualStudio.TestPlatform.CommandLine.Internal.ConsoleLogger., took 0 ms.
TpTrace Information: 0 : 22456, 12, 2023/02/27, 10:28:13.375, 107692485957, vstest.console.dll, TestRunRequest:SendTestRunMessage: Completed.
TpTrace Verbose: 0 : 22456, 12, 2023/02/27, 10:28:13.376, 107692488088, vstest.console.dll, MulticastDelegateUtilities.SafeInvoke: LengthPrefixCommunicationChannel: MessageReceived: Invoking callback 1/1 for Microsoft.VisualStudio.TestPlatform.CommunicationUtilities.TestRequestSender+<>c__DisplayClass31_0., took 4 ms.
TpTrace Verbose: 0 : 22456, 12, 2023/02/27, 10:28:13.376, 107692488821, vstest.console.dll, TcpClientExtensions.MessageLoopAsync: Polling on remoteEndPoint: 127.0.0.1:54081 localEndPoint: 127.0.0.1:54080
TpTrace Verbose: 0 : 22456, 7, 2023/02/27, 10:28:13.378, 107692513938, vstest.console.dll, TestRequestSender.StartTestRun: Sending test run with message: {"Version":7,"MessageType":"TestExecution.StartWithSources","Payload":{"AdapterSourceMap":{"_none_":["C:\\C#\\base\\unit-test-example\\App.Application.Test\\bin\\Debug\\net7.0\\fine-code-coverage\\build-output\\App.Application.Test.dll"]},"RunSettings":"<RunSettings>\r\n  <RunConfiguration>\r\n    <ResultsDirectory>C:\\C#\\base\\unit-test-example\\App.Application.Test\\bin\\Debug\\net7.0\\fine-code-coverage\\coverage-tool-output</ResultsDirectory>\r\n    <TargetFrameworkVersion>.NETCoreApp,Version=v7.0</TargetFrameworkVersion>\r\n    <DesignMode>False</DesignMode>\r\n    <CollectSourceInformation>False</CollectSourceInformation>\r\n  </RunConfiguration>\r\n  <LoggerRunSettings>\r\n    <Loggers>\r\n      <Logger friendlyName=\"blame\" enabled=\"True\" />\r\n      <Logger friendlyName=\"Console\" uri=\"logger://microsoft/TestPlatform/ConsoleLogger/v1\" assemblyQualifiedName=\"Microsoft.VisualStudio.TestPlatform.CommandLine.Internal.ConsoleLogger, vstest.console, Version=15.0.0.0, Culture=neutral, PublicKeyToken=b03f5f7f11d50a3a\" codeBase=\"C:\\Program Files\\dotnet\\sdk\\7.0.102\\vstest.console.dll\" enabled=\"True\" />\r\n    </Loggers>\r\n  </LoggerRunSettings>\r\n  <DataCollectionRunSettings>\r\n    <DataCollectors>\r\n      <DataCollector friendlyName=\"blame\" enabled=\"True\">\r\n        <Configuration>\r\n          <ResultsDirectory>C:\\C#\\base\\unit-test-example\\App.Application.Test\\bin\\Debug\\net7.0\\fine-code-coverage\\coverage-tool-output</ResultsDirectory>\r\n        </Configuration>\r\n      </DataCollector>\r\n    </DataCollectors>\r\n  </DataCollectionRunSettings>\r\n</RunSettings>","TestExecutionContext":{"FrequencyOfRunStatsChangeEvent":10,"RunStatsChangeEventTimeout":"00:00:01.5000000","InIsolation":false,"KeepAlive":false,"AreTestCaseLevelEventsRequired":false,"IsDebug":false,"TestCaseFilter":null,"FilterOptions":null},"Package":null}}
TpTrace Verbose: 0 : 22456, 12, 2023/02/27, 10:28:13.629, 107695017944, vstest.console.dll, TcpClientExtensions.MessageLoopAsync: NotifyDataAvailable remoteEndPoint: 127.0.0.1:54081 localEndPoint: 127.0.0.1:54080
TpTrace Verbose: 0 : 22456, 12, 2023/02/27, 10:28:13.629, 107695020140, vstest.console.dll, TestRequestSender.OnExecutionMessageReceived: Received message: {"Version":7,"MessageType":"TestSession.Message","Payload":{"MessageLevel":0,"Message":"[xUnit.net 00:00:00.00] xUnit.net VSTest Adapter v2.4.5+1caef2f33e (64-bit .NET 7.0.2)"}}
TpTrace Verbose: 0 : 22456, 12, 2023/02/27, 10:28:13.629, 107695025286, vstest.console.dll, TestRunRequest:SendTestRunMessage: Starting.
TpTrace Verbose: 0 : 22456, 12, 2023/02/27, 10:28:13.630, 107695026774, vstest.console.dll, MulticastDelegateUtilities.SafeInvoke: TestRun.LogMessages: Invoking callback 1/1 for Microsoft.VisualStudio.TestPlatform.CommandLine.TestRunResultAggregator., took 0 ms.
TpTrace Verbose: 0 : 22456, 4, 2023/02/27, 10:28:13.630, 107695027242, vstest.console.dll, MulticastDelegateUtilities.SafeInvoke: InternalTestLoggerEvents.SendTestRunMessage: Invoking callback 1/1 for Microsoft.VisualStudio.TestPlatform.CommandLine.Internal.ConsoleLogger., took 0 ms.
TpTrace Information: 0 : 22456, 12, 2023/02/27, 10:28:13.630, 107695028616, vstest.console.dll, TestRunRequest:SendTestRunMessage: Completed.
TpTrace Verbose: 0 : 22456, 12, 2023/02/27, 10:28:13.630, 107695029612, vstest.console.dll, MulticastDelegateUtilities.SafeInvoke: LengthPrefixCommunicationChannel: MessageReceived: Invoking callback 1/1 for Microsoft.VisualStudio.TestPlatform.CommunicationUtilities.TestRequestSender+<>c__DisplayClass31_0., took 0 ms.
TpTrace Verbose: 0 : 22456, 12, 2023/02/27, 10:28:13.630, 107695030618, vstest.console.dll, TcpClientExtensions.MessageLoopAsync: Polling on remoteEndPoint: 127.0.0.1:54081 localEndPoint: 127.0.0.1:54080
TpTrace Verbose: 0 : 22456, 12, 2023/02/27, 10:28:14.630, 107705035899, vstest.console.dll, TcpClientExtensions.MessageLoopAsync: Polling on remoteEndPoint: 127.0.0.1:54081 localEndPoint: 127.0.0.1:54080
TpTrace Verbose: 0 : 22456, 12, 2023/02/27, 10:28:14.770, 107706427729, vstest.console.dll, TcpClientExtensions.MessageLoopAsync: NotifyDataAvailable remoteEndPoint: 127.0.0.1:54081 localEndPoint: 127.0.0.1:54080
TpTrace Verbose: 0 : 22456, 12, 2023/02/27, 10:28:14.770, 107706429379, vstest.console.dll, TestRequestSender.OnExecutionMessageReceived: Received message: {"Version":7,"MessageType":"TestSession.Message","Payload":{"MessageLevel":0,"Message":"[xUnit.net 00:00:01.14]   Discovering: App.Application.Test"}}
TpTrace Verbose: 0 : 22456, 12, 2023/02/27, 10:28:14.770, 107706430851, vstest.console.dll, TestRunRequest:SendTestRunMessage: Starting.
TpTrace Verbose: 0 : 22456, 12, 2023/02/27, 10:28:14.770, 107706431726, vstest.console.dll, MulticastDelegateUtilities.SafeInvoke: TestRun.LogMessages: Invoking callback 1/1 for Microsoft.VisualStudio.TestPlatform.CommandLine.TestRunResultAggregator., took 0 ms.
TpTrace Verbose: 0 : 22456, 4, 2023/02/27, 10:28:14.770, 107706432009, vstest.console.dll, MulticastDelegateUtilities.SafeInvoke: InternalTestLoggerEvents.SendTestRunMessage: Invoking callback 1/1 for Microsoft.VisualStudio.TestPlatform.CommandLine.Internal.ConsoleLogger., took 0 ms.
TpTrace Information: 0 : 22456, 12, 2023/02/27, 10:28:14.770, 107706432501, vstest.console.dll, TestRunRequest:SendTestRunMessage: Completed.
TpTrace Verbose: 0 : 22456, 12, 2023/02/27, 10:28:14.770, 107706434154, vstest.console.dll, MulticastDelegateUtilities.SafeInvoke: LengthPrefixCommunicationChannel: MessageReceived: Invoking callback 1/1 for Microsoft.VisualStudio.TestPlatform.CommunicationUtilities.TestRequestSender+<>c__DisplayClass31_0., took 0 ms.
TpTrace Verbose: 0 : 22456, 12, 2023/02/27, 10:28:14.770, 107706434711, vstest.console.dll, TcpClientExtensions.MessageLoopAsync: Polling on remoteEndPoint: 127.0.0.1:54081 localEndPoint: 127.0.0.1:54080
TpTrace Verbose: 0 : 22456, 12, 2023/02/27, 10:28:14.844, 107707173987, vstest.console.dll, TcpClientExtensions.MessageLoopAsync: NotifyDataAvailable remoteEndPoint: 127.0.0.1:54081 localEndPoint: 127.0.0.1:54080
TpTrace Verbose: 0 : 22456, 12, 2023/02/27, 10:28:14.844, 107707175694, vstest.console.dll, TestRequestSender.OnExecutionMessageReceived: Received message: {"Version":7,"MessageType":"TestSession.Message","Payload":{"MessageLevel":0,"Message":"[xUnit.net 00:00:01.22]   Discovered:  App.Application.Test"}}
TpTrace Verbose: 0 : 22456, 12, 2023/02/27, 10:28:14.845, 107707177089, vstest.console.dll, TestRunRequest:SendTestRunMessage: Starting.
TpTrace Verbose: 0 : 22456, 12, 2023/02/27, 10:28:14.845, 107707177801, vstest.console.dll, MulticastDelegateUtilities.SafeInvoke: TestRun.LogMessages: Invoking callback 1/1 for Microsoft.VisualStudio.TestPlatform.CommandLine.TestRunResultAggregator., took 0 ms.
TpTrace Information: 0 : 22456, 12, 2023/02/27, 10:28:14.845, 107707178210, vstest.console.dll, TestRunRequest:SendTestRunMessage: Completed.
TpTrace Verbose: 0 : 22456, 4, 2023/02/27, 10:28:14.845, 107707178472, vstest.console.dll, MulticastDelegateUtilities.SafeInvoke: InternalTestLoggerEvents.SendTestRunMessage: Invoking callback 1/1 for Microsoft.VisualStudio.TestPlatform.CommandLine.Internal.ConsoleLogger., took 0 ms.
TpTrace Verbose: 0 : 22456, 12, 2023/02/27, 10:28:14.845, 107707178565, vstest.console.dll, MulticastDelegateUtilities.SafeInvoke: LengthPrefixCommunicationChannel: MessageReceived: Invoking callback 1/1 for Microsoft.VisualStudio.TestPlatform.CommunicationUtilities.TestRequestSender+<>c__DisplayClass31_0., took 0 ms.
TpTrace Verbose: 0 : 22456, 12, 2023/02/27, 10:28:14.845, 107707180012, vstest.console.dll, TcpClientExtensions.MessageLoopAsync: Polling on remoteEndPoint: 127.0.0.1:54081 localEndPoint: 127.0.0.1:54080
TpTrace Verbose: 0 : 22456, 12, 2023/02/27, 10:28:14.853, 107707266579, vstest.console.dll, TcpClientExtensions.MessageLoopAsync: NotifyDataAvailable remoteEndPoint: 127.0.0.1:54081 localEndPoint: 127.0.0.1:54080
TpTrace Verbose: 0 : 22456, 12, 2023/02/27, 10:28:14.854, 107707268406, vstest.console.dll, TestRequestSender.OnExecutionMessageReceived: Received message: {"Version":7,"MessageType":"TestSession.Message","Payload":{"MessageLevel":0,"Message":"[xUnit.net 00:00:01.22]   Starting:    App.Application.Test"}}
TpTrace Verbose: 0 : 22456, 12, 2023/02/27, 10:28:14.854, 107707270267, vstest.console.dll, TestRunRequest:SendTestRunMessage: Starting.
TpTrace Verbose: 0 : 22456, 12, 2023/02/27, 10:28:14.854, 107707271368, vstest.console.dll, MulticastDelegateUtilities.SafeInvoke: TestRun.LogMessages: Invoking callback 1/1 for Microsoft.VisualStudio.TestPlatform.CommandLine.TestRunResultAggregator., took 0 ms.
TpTrace Information: 0 : 22456, 12, 2023/02/27, 10:28:14.854, 107707272180, vstest.console.dll, TestRunRequest:SendTestRunMessage: Completed.
TpTrace Verbose: 0 : 22456, 4, 2023/02/27, 10:28:14.854, 107707271795, vstest.console.dll, MulticastDelegateUtilities.SafeInvoke: InternalTestLoggerEvents.SendTestRunMessage: Invoking callback 1/1 for Microsoft.VisualStudio.TestPlatform.CommandLine.Internal.ConsoleLogger., took 0 ms.
TpTrace Verbose: 0 : 22456, 12, 2023/02/27, 10:28:14.854, 107707272943, vstest.console.dll, MulticastDelegateUtilities.SafeInvoke: LengthPrefixCommunicationChannel: MessageReceived: Invoking callback 1/1 for Microsoft.VisualStudio.TestPlatform.CommunicationUtilities.TestRequestSender+<>c__DisplayClass31_0., took 0 ms.
TpTrace Verbose: 0 : 22456, 12, 2023/02/27, 10:28:14.854, 107707274801, vstest.console.dll, TcpClientExtensions.MessageLoopAsync: Polling on remoteEndPoint: 127.0.0.1:54081 localEndPoint: 127.0.0.1:54080
TpTrace Verbose: 0 : 22456, 12, 2023/02/27, 10:28:15.077, 107709499556, vstest.console.dll, TcpClientExtensions.MessageLoopAsync: NotifyDataAvailable remoteEndPoint: 127.0.0.1:54081 localEndPoint: 127.0.0.1:54080
TpTrace Verbose: 0 : 22456, 12, 2023/02/27, 10:28:15.077, 107709504067, vstest.console.dll, TestRequestSender.OnExecutionMessageReceived: Received message: {"Version":7,"MessageType":"TestExecution.StatsChange","Payload":{"NewTestResults":[{"TestCase":{"Id":"7835b987-f97a-d142-9b2d-0c7a98be8215","FullyQualifiedName":"App.Application.Test.CardTests.CreateCardTests.TestandoDeposito","DisplayName":"Testando Depósito","ExecutorUri":"executor://xunit/VsTestRunner2/netcoreapp","Source":"C:\\C#\\base\\unit-test-example\\App.Application.Test\\bin\\Debug\\net7.0\\fine-code-coverage\\build-output\\App.Application.Test.dll","CodeFilePath":null,"LineNumber":0,"Properties":[]},"Attachments":[],"Outcome":1,"ErrorMessage":null,"ErrorStackTrace":null,"DisplayName":"Testando Depósito","Messages":[],"ComputerName":"IATECBR-NB184","Duration":"00:00:00.0091372","StartTime":"2023-02-27T13:28:14.9863975+00:00","EndTime":"2023-02-27T13:28:14.98645+00:00","Properties":[]}],"TestRunStatistics":{"ExecutedTests":1,"Stats":{"Passed":1}},"ActiveTests":[{"Id":"f9190e46-b8d6-7858-7883-c957771b8fc1","FullyQualifiedName":"App.Application.Test.CardTests.MockExamplesTests.TestandoSaveComCardExistente","DisplayName":"Testando save com card existente","ExecutorUri":"executor://xunit/VsTestRunner2/netcoreapp","Source":"C:\\C#\\base\\unit-test-example\\App.Application.Test\\bin\\Debug\\net7.0\\fine-code-coverage\\build-output\\App.Application.Test.dll","CodeFilePath":null,"LineNumber":0,"Properties":[]}]}}
TpTrace Verbose: 0 : 22456, 12, 2023/02/27, 10:28:15.118, 107709912051, vstest.console.dll, TestRunRequest:SendTestRunStatsChange: Starting.
TpTrace Verbose: 0 : 22456, 12, 2023/02/27, 10:28:15.118, 107709916396, vstest.console.dll, InProgress is Testando save com card existente
TpTrace Verbose: 0 : 22456, 12, 2023/02/27, 10:28:15.119, 107709920567, vstest.console.dll, MulticastDelegateUtilities.SafeInvoke: TestRun.RunStatsChanged: Invoking callbacks was skipped because there are no subscribers.
TpTrace Information: 0 : 22456, 12, 2023/02/27, 10:28:15.119, 107709921215, vstest.console.dll, TestRunRequest:SendTestRunStatsChange: Completed.
TpTrace Verbose: 0 : 22456, 12, 2023/02/27, 10:28:15.119, 107709921676, vstest.console.dll, MulticastDelegateUtilities.SafeInvoke: LengthPrefixCommunicationChannel: MessageReceived: Invoking callback 1/1 for Microsoft.VisualStudio.TestPlatform.CommunicationUtilities.TestRequestSender+<>c__DisplayClass31_0., took 41 ms.
TpTrace Verbose: 0 : 22456, 12, 2023/02/27, 10:28:15.119, 107709922182, vstest.console.dll, TcpClientExtensions.MessageLoopAsync: Polling on remoteEndPoint: 127.0.0.1:54081 localEndPoint: 127.0.0.1:54080
TpTrace Verbose: 0 : 22456, 4, 2023/02/27, 10:28:15.124, 107709971231, vstest.console.dll, MulticastDelegateUtilities.SafeInvoke: InternalTestLoggerEvents.SendTestResult: Invoking callback 1/1 for Microsoft.VisualStudio.TestPlatform.CommandLine.Internal.ConsoleLogger., took 5 ms.
TpTrace Verbose: 0 : 22456, 12, 2023/02/27, 10:28:15.137, 107710097283, vstest.console.dll, TcpClientExtensions.MessageLoopAsync: NotifyDataAvailable remoteEndPoint: 127.0.0.1:54081 localEndPoint: 127.0.0.1:54080
TpTrace Verbose: 0 : 22456, 12, 2023/02/27, 10:28:15.137, 107710101236, vstest.console.dll, TestRequestSender.OnExecutionMessageReceived: Received message: {"Version":7,"MessageType":"TestExecution.StatsChange","Payload":{"NewTestResults":[{"TestCase":{"Id":"b566b3ec-d1b9-cf04-bd21-a8cd145e0373","FullyQualifiedName":"App.Application.Test.CardTests.CreateCardTests.TestandoDocumentosValidos","DisplayName":"Testando Documentos válidos(document: \"1\")","ExecutorUri":"executor://xunit/VsTestRunner2/netcoreapp","Source":"C:\\C#\\base\\unit-test-example\\App.Application.Test\\bin\\Debug\\net7.0\\fine-code-coverage\\build-output\\App.Application.Test.dll","CodeFilePath":null,"LineNumber":0,"Properties":[]},"Attachments":[],"Outcome":1,"ErrorMessage":null,"ErrorStackTrace":null,"DisplayName":"Testando Documentos válidos(document: \"1\")","Messages":[],"ComputerName":"IATECBR-NB184","Duration":"00:00:00.0003711","StartTime":"2023-02-27T13:28:15.0835791+00:00","EndTime":"2023-02-27T13:28:15.0835794+00:00","Properties":[]},{"TestCase":{"Id":"f3bc40fa-0ccd-92d8-adf7-4b762199c10c","FullyQualifiedName":"App.Application.Test.CardTests.CreateCardTests.TestandoDocumentosValidos","DisplayName":"Testando Documentos válidos(document: \"123\")","ExecutorUri":"executor://xunit/VsTestRunner2/netcoreapp","Source":"C:\\C#\\base\\unit-test-example\\App.Application.Test\\bin\\Debug\\net7.0\\fine-code-coverage\\build-output\\App.Application.Test.dll","CodeFilePath":null,"LineNumber":0,"Properties":[]},"Attachments":[],"Outcome":1,"ErrorMessage":null,"ErrorStackTrace":null,"DisplayName":"Testando Documentos válidos(document: \"123\")","Messages":[],"ComputerName":"IATECBR-NB184","Duration":"00:00:00.0002101","StartTime":"2023-02-27T13:28:15.0922087+00:00","EndTime":"2023-02-27T13:28:15.0922089+00:00","Properties":[]},{"TestCase":{"Id":"891c673d-b2fd-d5fa-b9d6-2c300d9c9b03","FullyQualifiedName":"App.Application.Test.CardTests.CreateCardTests.TestandoDocumentosValidos","DisplayName":"Testando Documentos válidos(document: \"123456\")","ExecutorUri":"executor://xunit/VsTestRunner2/netcoreapp","Source":"C:\\C#\\base\\unit-test-example\\App.Application.Test\\bin\\Debug\\net7.0\\fine-code-coverage\\build-output\\App.Application.Test.dll","CodeFilePath":null,"LineNumber":0,"Properties":[]},"Attachments":[],"Outcome":1,"ErrorMessage":null,"ErrorStackTrace":null,"DisplayName":"Testando Documentos válidos(document: \"123456\")","Messages":[],"ComputerName":"IATECBR-NB184","Duration":"00:00:00.0000090","StartTime":"2023-02-27T13:28:15.0966585+00:00","EndTime":"2023-02-27T13:28:15.0966588+00:00","Properties":[]},{"TestCase":{"Id":"58751765-e80a-d3c4-76e7-c07a22503a13","FullyQualifiedName":"App.Application.Test.CardTests.CreateCardTests.DeveCriarCartaoComNumero","DisplayName":"Testando cartão com número","ExecutorUri":"executor://xunit/VsTestRunner2/netcoreapp","Source":"C:\\C#\\base\\unit-test-example\\App.Application.Test\\bin\\Debug\\net7.0\\fine-code-coverage\\build-output\\App.Application.Test.dll","CodeFilePath":null,"LineNumber":0,"Properties":[]},"Attachments":[],"Outcome":1,"ErrorMessage":null,"ErrorStackTrace":null,"DisplayName":"Testando cartão com número","Messages":[],"ComputerName":"IATECBR-NB184","Duration":"00:00:00.0018752","StartTime":"2023-02-27T13:28:15.104195+00:00","EndTime":"2023-02-27T13:28:15.1041953+00:00","Properties":[]},{"TestCase":{"Id":"64eefca7-e48e-fd39-3909-030fdb718357","FullyQualifiedName":"App.Application.Test.CardTests.CreateCardTests.TestandoDocumentosNaoValidos","DisplayName":"Testando Documentos inválidos(document: null)","ExecutorUri":"executor://xunit/VsTestRunner2/netcoreapp","Source":"C:\\C#\\base\\unit-test-example\\App.Application.Test\\bin\\Debug\\net7.0\\fine-code-coverage\\build-output\\App.Application.Test.dll","CodeFilePath":null,"LineNumber":0,"Properties":[]},"Attachments":[],"Outcome":1,"ErrorMessage":null,"ErrorStackTrace":null,"DisplayName":"Testando Documentos inválidos(document: null)","Messages":[],"ComputerName":"IATECBR-NB184","Duration":"00:00:00.0228537","StartTime":"2023-02-27T13:28:15.1131927+00:00","EndTime":"2023-02-27T13:28:15.1131928+00:00","Properties":[]},{"TestCase":{"Id":"2da1af2d-8a39-1698-b088-4b70aa00ee14","FullyQualifiedName":"App.Application.Test.CardTests.CreateCardTests.TestandoDocumentosNaoValidos","DisplayName":"Testando Documentos inválidos(document: \"\")","ExecutorUri":"executor://xunit/VsTestRunner2/netcoreapp","Source":"C:\\C#\\base\\unit-test-example\\App.Application.Test\\bin\\Debug\\net7.0\\fine-code-coverage\\build-output\\App.Application.Test.dll","CodeFilePath":null,"LineNumber":0,"Properties":[]},"Attachments":[],"Outcome":1,"ErrorMessage":null,"ErrorStackTrace":null,"DisplayName":"Testando Documentos inválidos(document: \"\")","Messages":[],"ComputerName":"IATECBR-NB184","Duration":"00:00:00.0011421","StartTime":"2023-02-27T13:28:15.1205586+00:00","EndTime":"2023-02-27T13:28:15.1205589+00:00","Properties":[]},{"TestCase":{"Id":"6c632575-a922-0d24-4ecc-f88458a56c31","FullyQualifiedName":"App.Application.Test.CardTests.CreateCardTests.TestandoCompra","DisplayName":"Testando Compra","ExecutorUri":"executor://xunit/VsTestRunner2/netcoreapp","Source":"C:\\C#\\base\\unit-test-example\\App.Application.Test\\bin\\Debug\\net7.0\\fine-code-coverage\\build-output\\App.Application.Test.dll","CodeFilePath":null,"LineNumber":0,"Properties":[]},"Attachments":[],"Outcome":1,"ErrorMessage":null,"ErrorStackTrace":null,"DisplayName":"Testando Compra","Messages":[],"ComputerName":"IATECBR-NB184","Duration":"00:00:00.0013156","StartTime":"2023-02-27T13:28:15.1246765+00:00","EndTime":"2023-02-27T13:28:15.1246767+00:00","Properties":[]},{"TestCase":{"Id":"abe62d08-df38-6528-a791-2a3eac8ac40f","FullyQualifiedName":"App.Application.Test.CardTests.CreateCardTests.DeveRetornarErroPessoaSemDoc","DisplayName":"Testando cartão com pessoa sem doc","ExecutorUri":"executor://xunit/VsTestRunner2/netcoreapp","Source":"C:\\C#\\base\\unit-test-example\\App.Application.Test\\bin\\Debug\\net7.0\\fine-code-coverage\\build-output\\App.Application.Test.dll","CodeFilePath":null,"LineNumber":0,"Properties":[]},"Attachments":[],"Outcome":1,"ErrorMessage":null,"ErrorStackTrace":null,"DisplayName":"Testando cartão com pessoa sem doc","Messages":[],"ComputerName":"IATECBR-NB184","Duration":"00:00:00.0016103","StartTime":"2023-02-27T13:28:15.12772+00:00","EndTime":"2023-02-27T13:28:15.1277202+00:00","Properties":[]},{"TestCase":{"Id":"f9190e46-b8d6-7858-7883-c957771b8fc1","FullyQualifiedName":"App.Application.Test.CardTests.MockExamplesTests.TestandoSaveComCardExistente","DisplayName":"Testando save com card existente","ExecutorUri":"executor://xunit/VsTestRunner2/netcoreapp","Source":"C:\\C#\\base\\unit-test-example\\App.Application.Test\\bin\\Debug\\net7.0\\fine-code-coverage\\build-output\\App.Application.Test.dll","CodeFilePath":null,"LineNumber":0,"Properties":[]},"Attachments":[],"Outcome":1,"ErrorMessage":null,"ErrorStackTrace":null,"DisplayName":"Testando save com card existente","Messages":[],"ComputerName":"IATECBR-NB184","Duration":"00:00:00.1335735","StartTime":"2023-02-27T13:28:15.1294909+00:00","EndTime":"2023-02-27T13:28:15.1294909+00:00","Properties":[]}],"TestRunStatistics":{"ExecutedTests":10,"Stats":{"Passed":10}},"ActiveTests":[{"Id":"38ba3e4d-3620-708f-d707-9205d2036542","FullyQualifiedName":"App.Application.Test.CardTests.MockExamplesTests.TestandoSaveComCardInExistente","DisplayName":"Testando save com card inexistente","ExecutorUri":"executor://xunit/VsTestRunner2/netcoreapp","Source":"C:\\C#\\base\\unit-test-example\\App.Application.Test\\bin\\Debug\\net7.0\\fine-code-coverage\\build-output\\App.Application.Test.dll","CodeFilePath":null,"LineNumber":0,"Properties":[]}]}}
TpTrace Verbose: 0 : 22456, 12, 2023/02/27, 10:28:15.139, 107710117323, vstest.console.dll, TestRunRequest:SendTestRunStatsChange: Starting.
TpTrace Verbose: 0 : 22456, 12, 2023/02/27, 10:28:15.139, 107710118388, vstest.console.dll, InProgress is Testando save com card inexistente
TpTrace Verbose: 0 : 22456, 12, 2023/02/27, 10:28:15.139, 107710119879, vstest.console.dll, MulticastDelegateUtilities.SafeInvoke: TestRun.RunStatsChanged: Invoking callbacks was skipped because there are no subscribers.
TpTrace Information: 0 : 22456, 12, 2023/02/27, 10:28:15.139, 107710120680, vstest.console.dll, TestRunRequest:SendTestRunStatsChange: Completed.
TpTrace Verbose: 0 : 22456, 12, 2023/02/27, 10:28:15.139, 107710121386, vstest.console.dll, MulticastDelegateUtilities.SafeInvoke: LengthPrefixCommunicationChannel: MessageReceived: Invoking callback 1/1 for Microsoft.VisualStudio.TestPlatform.CommunicationUtilities.TestRequestSender+<>c__DisplayClass31_0., took 2 ms.
TpTrace Verbose: 0 : 22456, 12, 2023/02/27, 10:28:15.139, 107710122117, vstest.console.dll, TcpClientExtensions.MessageLoopAsync: Polling on remoteEndPoint: 127.0.0.1:54081 localEndPoint: 127.0.0.1:54080
TpTrace Verbose: 0 : 22456, 4, 2023/02/27, 10:28:15.139, 107710123934, vstest.console.dll, MulticastDelegateUtilities.SafeInvoke: InternalTestLoggerEvents.SendTestResult: Invoking callback 1/1 for Microsoft.VisualStudio.TestPlatform.CommandLine.Internal.ConsoleLogger., took 0 ms.
TpTrace Verbose: 0 : 22456, 4, 2023/02/27, 10:28:15.139, 107710124853, vstest.console.dll, MulticastDelegateUtilities.SafeInvoke: InternalTestLoggerEvents.SendTestResult: Invoking callback 1/1 for Microsoft.VisualStudio.TestPlatform.CommandLine.Internal.ConsoleLogger., took 0 ms.
TpTrace Verbose: 0 : 22456, 4, 2023/02/27, 10:28:15.139, 107710125452, vstest.console.dll, MulticastDelegateUtilities.SafeInvoke: InternalTestLoggerEvents.SendTestResult: Invoking callback 1/1 for Microsoft.VisualStudio.TestPlatform.CommandLine.Internal.ConsoleLogger., took 0 ms.
TpTrace Verbose: 0 : 22456, 4, 2023/02/27, 10:28:15.139, 107710126086, vstest.console.dll, MulticastDelegateUtilities.SafeInvoke: InternalTestLoggerEvents.SendTestResult: Invoking callback 1/1 for Microsoft.VisualStudio.TestPlatform.CommandLine.Internal.ConsoleLogger., took 0 ms.
TpTrace Verbose: 0 : 22456, 4, 2023/02/27, 10:28:15.139, 107710126939, vstest.console.dll, MulticastDelegateUtilities.SafeInvoke: InternalTestLoggerEvents.SendTestResult: Invoking callback 1/1 for Microsoft.VisualStudio.TestPlatform.CommandLine.Internal.ConsoleLogger., took 0 ms.
TpTrace Verbose: 0 : 22456, 4, 2023/02/27, 10:28:15.140, 107710127969, vstest.console.dll, MulticastDelegateUtilities.SafeInvoke: InternalTestLoggerEvents.SendTestResult: Invoking callback 1/1 for Microsoft.VisualStudio.TestPlatform.CommandLine.Internal.ConsoleLogger., took 0 ms.
TpTrace Verbose: 0 : 22456, 4, 2023/02/27, 10:28:15.140, 107710128718, vstest.console.dll, MulticastDelegateUtilities.SafeInvoke: InternalTestLoggerEvents.SendTestResult: Invoking callback 1/1 for Microsoft.VisualStudio.TestPlatform.CommandLine.Internal.ConsoleLogger., took 0 ms.
TpTrace Verbose: 0 : 22456, 4, 2023/02/27, 10:28:15.140, 107710130211, vstest.console.dll, MulticastDelegateUtilities.SafeInvoke: InternalTestLoggerEvents.SendTestResult: Invoking callback 1/1 for Microsoft.VisualStudio.TestPlatform.CommandLine.Internal.ConsoleLogger., took 0 ms.
TpTrace Verbose: 0 : 22456, 4, 2023/02/27, 10:28:15.140, 107710131072, vstest.console.dll, MulticastDelegateUtilities.SafeInvoke: InternalTestLoggerEvents.SendTestResult: Invoking callback 1/1 for Microsoft.VisualStudio.TestPlatform.CommandLine.Internal.ConsoleLogger., took 0 ms.
TpTrace Verbose: 0 : 22456, 12, 2023/02/27, 10:28:15.144, 107710175909, vstest.console.dll, TcpClientExtensions.MessageLoopAsync: NotifyDataAvailable remoteEndPoint: 127.0.0.1:54081 localEndPoint: 127.0.0.1:54080
TpTrace Verbose: 0 : 22456, 12, 2023/02/27, 10:28:15.145, 107710177526, vstest.console.dll, TestRequestSender.OnExecutionMessageReceived: Received message: {"Version":7,"MessageType":"TestSession.Message","Payload":{"MessageLevel":0,"Message":"[xUnit.net 00:00:01.52]   Finished:    App.Application.Test"}}
TpTrace Verbose: 0 : 22456, 12, 2023/02/27, 10:28:15.145, 107710178792, vstest.console.dll, TestRunRequest:SendTestRunMessage: Starting.
TpTrace Verbose: 0 : 22456, 12, 2023/02/27, 10:28:15.145, 107710179557, vstest.console.dll, MulticastDelegateUtilities.SafeInvoke: TestRun.LogMessages: Invoking callback 1/1 for Microsoft.VisualStudio.TestPlatform.CommandLine.TestRunResultAggregator., took 0 ms.
TpTrace Verbose: 0 : 22456, 4, 2023/02/27, 10:28:15.145, 107710179879, vstest.console.dll, MulticastDelegateUtilities.SafeInvoke: InternalTestLoggerEvents.SendTestRunMessage: Invoking callback 1/1 for Microsoft.VisualStudio.TestPlatform.CommandLine.Internal.ConsoleLogger., took 0 ms.
TpTrace Information: 0 : 22456, 12, 2023/02/27, 10:28:15.145, 107710179996, vstest.console.dll, TestRunRequest:SendTestRunMessage: Completed.
TpTrace Verbose: 0 : 22456, 12, 2023/02/27, 10:28:15.145, 107710181473, vstest.console.dll, MulticastDelegateUtilities.SafeInvoke: LengthPrefixCommunicationChannel: MessageReceived: Invoking callback 1/1 for Microsoft.VisualStudio.TestPlatform.CommunicationUtilities.TestRequestSender+<>c__DisplayClass31_0., took 0 ms.
TpTrace Verbose: 0 : 22456, 12, 2023/02/27, 10:28:15.145, 107710181966, vstest.console.dll, TcpClientExtensions.MessageLoopAsync: Polling on remoteEndPoint: 127.0.0.1:54081 localEndPoint: 127.0.0.1:54080
TpTrace Verbose: 0 : 22456, 12, 2023/02/27, 10:28:15.181, 107710545529, vstest.console.dll, TcpClientExtensions.MessageLoopAsync: NotifyDataAvailable remoteEndPoint: 127.0.0.1:54081 localEndPoint: 127.0.0.1:54080
TpTrace Verbose: 0 : 22456, 12, 2023/02/27, 10:28:15.182, 107710552635, vstest.console.dll, TestRequestSender.OnExecutionMessageReceived: Received message: {"Version":7,"MessageType":"TestExecution.Completed","Payload":{"TestRunCompleteArgs":{"TestRunStatistics":{"ExecutedTests":11,"Stats":{"Passed":11}},"IsCanceled":false,"IsAborted":false,"Error":null,"AttachmentSets":[],"InvokedDataCollectors":[],"ElapsedTimeInRunningTests":"00:00:01.5388681","Metrics":{},"DiscoveredExtensions":{"TestDiscoverers":["Xunit.Runner.VisualStudio.VsTestRunner, xunit.runner.visualstudio.dotnetcore.testadapter, Version=2.4.0.0, Culture=neutral, PublicKeyToken=8d05b1bb7a6fdb6c"],"TestExecutors":["executor://xunit/VsTestRunner2/netcoreapp"],"TestExecutors2":[],"TestSettingsProviders":[]}},"LastRunTests":{"NewTestResults":[{"TestCase":{"Id":"38ba3e4d-3620-708f-d707-9205d2036542","FullyQualifiedName":"App.Application.Test.CardTests.MockExamplesTests.TestandoSaveComCardInExistente","DisplayName":"Testando save com card inexistente","ExecutorUri":"executor://xunit/VsTestRunner2/netcoreapp","Source":"C:\\C#\\base\\unit-test-example\\App.Application.Test\\bin\\Debug\\net7.0\\fine-code-coverage\\build-output\\App.Application.Test.dll","CodeFilePath":null,"LineNumber":0,"Properties":[]},"Attachments":[],"Outcome":1,"ErrorMessage":null,"ErrorStackTrace":null,"DisplayName":"Testando save com card inexistente","Messages":[],"ComputerName":"IATECBR-NB184","Duration":"00:00:00.0079515","StartTime":"2023-02-27T13:28:15.139271+00:00","EndTime":"2023-02-27T13:28:15.139272+00:00","Properties":[]}],"TestRunStatistics":{"ExecutedTests":11,"Stats":{"Passed":11}},"ActiveTests":[]},"RunAttachments":[],"ExecutorUris":["executor://xunit/VsTestRunner2/netcoreapp"]}}
TpTrace Verbose: 0 : 22456, 12, 2023/02/27, 10:28:15.183, 107710557562, vstest.console.dll, TestRequestSender.EndSession: Sending end session.
TpTrace Verbose: 0 : 22456, 12, 2023/02/27, 10:28:15.183, 107710563556, vstest.console.dll, ProxyOperationManager.Close: waiting for test host to exit for 100 ms
TpTrace Warning: 0 : 22456, 11, 2023/02/27, 10:28:15.205, 107710780531, vstest.console.dll, TestHostManagerCallbacks.ErrorReceivedCallback Test host standard error line: 
TpTrace Verbose: 0 : 22456, 11, 2023/02/27, 10:28:15.228, 107711008172, vstest.console.dll, TestHostProvider.ExitCallBack: Host exited starting callback.
TpTrace Information: 0 : 22456, 11, 2023/02/27, 10:28:15.228, 107711010568, vstest.console.dll, TestHostManagerCallbacks.ExitCallBack: Testhost processId: 30728 exited with exitcode: 0 error: ''
TpTrace Verbose: 0 : 22456, 11, 2023/02/27, 10:28:15.228, 107711011246, vstest.console.dll, DotnetTestHostManager.OnHostExited: invoking OnHostExited callback
TpTrace Verbose: 0 : 22456, 11, 2023/02/27, 10:28:15.228, 107711012053, vstest.console.dll, CrossPlatEngine.TestHostManagerHostExited: calling on client process exit callback.
TpTrace Information: 0 : 22456, 11, 2023/02/27, 10:28:15.228, 107711012863, vstest.console.dll, TestRequestSender.OnClientProcessExit: Test host process exited. Standard error: 
TpTrace Information: 0 : 22456, 12, 2023/02/27, 10:28:15.228, 107711013966, vstest.console.dll, SocketServer.Stop: Stop server endPoint: 127.0.0.1:54080
TpTrace Information: 0 : 22456, 12, 2023/02/27, 10:28:15.228, 107711014932, vstest.console.dll, SocketServer.Stop: Cancellation requested. Stopping message loop.
TpTrace Information: 0 : 22456, 11, 2023/02/27, 10:28:15.228, 107711014931, vstest.console.dll, SocketServer.Stop: Stop server endPoint: 127.0.0.1:54080
TpTrace Information: 0 : 22456, 11, 2023/02/27, 10:28:15.228, 107711016546, vstest.console.dll, SocketServer.Stop: Cancellation requested. Stopping message loop.
TpTrace Information: 0 : 22456, 12, 2023/02/27, 10:28:15.228, 107711016865, vstest.console.dll, Closing the connection
TpTrace Verbose: 0 : 22456, 11, 2023/02/27, 10:28:15.229, 107711017404, vstest.console.dll, MulticastDelegateUtilities.SafeInvoke: HostProviderEvents.OnHostExited: Invoking callback 1/1 for Microsoft.VisualStudio.TestPlatform.CrossPlatEngine.Client.ProxyOperationManager., took 0 ms.
TpTrace Verbose: 0 : 22456, 12, 2023/02/27, 10:28:15.229, 107711021827, vstest.console.dll, ProxyDataCollectionManager.InvokeDataCollectionServiceAction: Starting.
TpTrace Information: 0 : 22456, 12, 2023/02/27, 10:28:15.229, 107711022496, vstest.console.dll, ProxyDataCollectionManager.AfterTestRunEnd: Get attachment set and invoked data collectors processId: 31608 port: 54077
TpTrace Verbose: 0 : 22456, 12, 2023/02/27, 10:28:15.229, 107711023114, vstest.console.dll, DataCollectionRequestSender.SendAfterTestRunStartAndGetResult: Send AfterTestRunEnd message with isCancelled: False
TpTrace Verbose: 0 : 22456, 12, 2023/02/27, 10:28:15.250, 107711229927, vstest.console.dll, DataCollectionRequestSender.SendAfterTestRunStartAndGetResult: Received message: (DataCollection.AfterTestRunEndResult) -> {"MessageType":"DataCollection.AfterTestRunEndResult","Payload":{"AttachmentSets":[],"InvokedDataCollectors":[{"Uri":"datacollector://Microsoft/TestPlatform/Extensions/Blame/v1","FriendlyName":"Blame","AssemblyQualifiedName":"Microsoft.TestPlatform.Extensions.BlameDataCollector.BlameCollector, Microsoft.TestPlatform.Extensions.BlameDataCollector, Version=15.0.0.0, Culture=neutral, PublicKeyToken=b03f5f7f11d50a3a","FilePath":"C:\\Program Files\\dotnet\\sdk\\7.0.102\\Extensions\\Microsoft.TestPlatform.Extensions.BlameDataCollector.dll","HasAttachmentProcessor":false}],"Metrics":{}}}
TpTrace Warning: 0 : 22456, 9, 2023/02/27, 10:28:15.258, 107711308644, vstest.console.dll, DataCollectionLauncher.ErrorReceivedCallback datacollector standard error line: 
TpTrace Information: 0 : 22456, 12, 2023/02/27, 10:28:15.258, 107711311170, vstest.console.dll, ProxyDataCollectionManager.InvokeDataCollectionServiceAction: Completed.
TpTrace Information: 0 : 22456, 9, 2023/02/27, 10:28:15.271, 107711442846, vstest.console.dll, DataCollectionLauncher.ExitCallBack: Data collector exited with exitcode: 0 error: ''
TpTrace Verbose: 0 : 22456, 12, 2023/02/27, 10:28:15.335, 107712084224, vstest.console.dll, TestRunRequest:SendTestRunStatsChange: Starting.
TpTrace Verbose: 0 : 22456, 12, 2023/02/27, 10:28:15.335, 107712085642, vstest.console.dll, MulticastDelegateUtilities.SafeInvoke: TestRun.RunStatsChanged: Invoking callbacks was skipped because there are no subscribers.
TpTrace Information: 0 : 22456, 12, 2023/02/27, 10:28:15.335, 107712086083, vstest.console.dll, TestRunRequest:SendTestRunStatsChange: Completed.
TpTrace Verbose: 0 : 22456, 4, 2023/02/27, 10:28:15.335, 107712086437, vstest.console.dll, MulticastDelegateUtilities.SafeInvoke: InternalTestLoggerEvents.SendTestResult: Invoking callback 1/1 for Microsoft.VisualStudio.TestPlatform.CommandLine.Internal.ConsoleLogger., took 0 ms.
TpTrace Verbose: 0 : 22456, 12, 2023/02/27, 10:28:15.336, 107712091817, vstest.console.dll, ParallelProxyExecutionManager: HandlePartialRunComplete: Total completed clients = 1, Run complete = True, Run canceled: False.
TpTrace Verbose: 0 : 22456, 4, 2023/02/27, 10:28:15.352, 107712252010, vstest.console.dll, MulticastDelegateUtilities.SafeInvoke: InternalTestLoggerEvents.SendTestRunComplete: Invoking callback 1/2 for Microsoft.TestPlatform.Extensions.BlameDataCollector.BlameLogger., took 0 ms.
TpTrace Verbose: 0 : 22456, 4, 2023/02/27, 10:28:15.361, 107712340850, vstest.console.dll, MulticastDelegateUtilities.SafeInvoke: InternalTestLoggerEvents.SendTestRunComplete: Invoking callback 2/2 for Microsoft.VisualStudio.TestPlatform.CommandLine.Internal.ConsoleLogger., took 8 ms.
TpTrace Verbose: 0 : 22456, 12, 2023/02/27, 10:28:15.361, 107712347129, vstest.console.dll, TestRunRequest:TestRunComplete: Starting. IsAborted:False IsCanceled:False.
TpTrace Verbose: 0 : 22456, 12, 2023/02/27, 10:28:15.366, 107712395032, vstest.console.dll, TestLoggerManager.HandleTestRunComplete: Ignoring as the object is disposed.
TpTrace Verbose: 0 : 22456, 12, 2023/02/27, 10:28:15.367, 107712399922, vstest.console.dll, MulticastDelegateUtilities.SafeInvoke: TestRun.TestRunComplete: Invoking callback 1/2 for Microsoft.VisualStudio.TestPlatform.CommandLine.TestRunResultAggregator., took 0 ms.
TpTrace Verbose: 0 : 22456, 12, 2023/02/27, 10:28:15.368, 107712408013, vstest.console.dll, MulticastDelegateUtilities.SafeInvoke: TestRun.TestRunComplete: Invoking callback 2/2 for Microsoft.VisualStudio.TestPlatform.CommandLine.Processors.RunTestsArgumentExecutor+TestRunRequestEventsRegistrar., took 0 ms.
TpTrace Information: 0 : 22456, 12, 2023/02/27, 10:28:15.368, 107712412541, vstest.console.dll, TestRunRequest:TestRunComplete: Completed.
TpTrace Verbose: 0 : 22456, 1, 2023/02/27, 10:28:15.368, 107712413736, vstest.console.dll, TestRunRequest.Dispose: Starting.
TpTrace Verbose: 0 : 22456, 12, 2023/02/27, 10:28:15.368, 107712414512, vstest.console.dll, TestRequestSender.SetOperationComplete: Setting operation complete.
TpTrace Information: 0 : 22456, 12, 2023/02/27, 10:28:15.368, 107712416821, vstest.console.dll, SocketServer.Stop: Stop server endPoint: 127.0.0.1:54080
TpTrace Information: 0 : 22456, 1, 2023/02/27, 10:28:15.368, 107712416128, vstest.console.dll, TestRunRequest.Dispose: Completed.
TpTrace Information: 0 : 22456, 12, 2023/02/27, 10:28:15.369, 107712417365, vstest.console.dll, SocketServer.Stop: Cancellation requested. Stopping message loop.
TpTrace Information: 0 : 22456, 1, 2023/02/27, 10:28:15.369, 107712418477, vstest.console.dll, TestRequestManager.RunTests: run tests completed.
TpTrace Verbose: 0 : 22456, 12, 2023/02/27, 10:28:15.369, 107712419257, vstest.console.dll, MulticastDelegateUtilities.SafeInvoke: LengthPrefixCommunicationChannel: MessageReceived: Invoking callback 1/1 for Microsoft.VisualStudio.TestPlatform.CommunicationUtilities.TestRequestSender+<>c__DisplayClass31_0., took 186 ms.
TpTrace Information: 0 : 22456, 12, 2023/02/27, 10:28:15.369, 107712421021, vstest.console.dll, SocketServer.PrivateStop: Stopping server endPoint: 127.0.0.1:54080 error: 
TpTrace Information: 0 : 22456, 1, 2023/02/27, 10:28:15.369, 107712421316, vstest.console.dll, RunTestsArgumentProcessor:Execute: Test run is completed.
TpTrace Verbose: 0 : 22456, 1, 2023/02/27, 10:28:15.369, 107712424238, vstest.console.dll, Executor.Execute: Exiting with exit code of 0
TpTrace Verbose: 0 : 22456, 12, 2023/02/27, 10:28:15.369, 107712426431, vstest.console.dll, LengthPrefixCommunicationChannel.Dispose: Dispose reader and writer.
TpTrace Information: 0 : 22456, 12, 2023/02/27, 10:28:15.370, 107712427718, vstest.console.dll, SocketServer.Stop: Raise disconnected event endPoint: 127.0.0.1:54080 error: 
TpTrace Verbose: 0 : 22456, 12, 2023/02/27, 10:28:15.370, 107712429031, vstest.console.dll, TestRequestSender: OnTestRunAbort: Operation is already complete. Skip error message.
TpTrace Verbose: 0 : 22456, 12, 2023/02/27, 10:28:15.370, 107712429613, vstest.console.dll, MulticastDelegateUtilities.SafeInvoke: SocketServer: ClientDisconnected: Invoking callback 1/1 for Microsoft.VisualStudio.TestPlatform.CommunicationUtilities.TestRequestSender., took 0 ms.
TpTrace Verbose: 0 : 22456, 12, 2023/02/27, 10:28:15.370, 107712430003, vstest.console.dll, TcpClientExtensions.MessageLoopAsync: exiting MessageLoopAsync remoteEndPoint: 127.0.0.1:54081 localEndPoint: 127.0.0.1:54080
